{"/home/javier/softwareBuilders/express/javier_gomez_proyecto_final/src/index.js": {"path":"/home/javier/softwareBuilders/express/javier_gomez_proyecto_final/src/index.js","statementMap":{"0":{"start":{"line":1,"column":16},"end":{"line":1,"column":34}},"1":{"start":{"line":2,"column":12},"end":{"line":2,"column":21}},"2":{"start":{"line":3,"column":13},"end":{"line":3,"column":28}},"3":{"start":{"line":4,"column":16},"end":{"line":4,"column":42}},"4":{"start":{"line":5,"column":24},"end":{"line":5,"column":51}},"5":{"start":{"line":6,"column":12},"end":{"line":8,"column":9}},"6":{"start":{"line":9,"column":21},"end":{"line":9,"column":51}},"7":{"start":{"line":10,"column":24},"end":{"line":10,"column":57}},"8":{"start":{"line":11,"column":24},"end":{"line":11,"column":57}},"9":{"start":{"line":12,"column":22},"end":{"line":12,"column":53}},"10":{"start":{"line":13,"column":22},"end":{"line":13,"column":53}},"11":{"start":{"line":17,"column":4},"end":{"line":17,"column":43}},"12":{"start":{"line":21,"column":4},"end":{"line":21,"column":43}},"13":{"start":{"line":23,"column":0},"end":{"line":23,"column":38}},"14":{"start":{"line":24,"column":0},"end":{"line":24,"column":31}},"15":{"start":{"line":25,"column":0},"end":{"line":25,"column":39}},"16":{"start":{"line":27,"column":0},"end":{"line":27,"column":24}},"17":{"start":{"line":28,"column":0},"end":{"line":28,"column":24}},"18":{"start":{"line":29,"column":0},"end":{"line":29,"column":49}},"19":{"start":{"line":30,"column":0},"end":{"line":36,"column":2}},"20":{"start":{"line":38,"column":0},"end":{"line":38,"column":57}},"21":{"start":{"line":39,"column":0},"end":{"line":39,"column":63}},"22":{"start":{"line":40,"column":0},"end":{"line":40,"column":63}},"23":{"start":{"line":41,"column":0},"end":{"line":41,"column":28}},"24":{"start":{"line":42,"column":0},"end":{"line":42,"column":71}},"25":{"start":{"line":43,"column":0},"end":{"line":43,"column":60}},"26":{"start":{"line":45,"column":0},"end":{"line":47,"column":2}}},"fnMap":{},"branchMap":{},"s":{"0":1,"1":1,"2":1,"3":1,"4":1,"5":1,"6":1,"7":1,"8":1,"9":1,"10":1,"11":1,"12":1,"13":1,"14":1,"15":1,"16":1,"17":1,"18":1,"19":1,"20":1,"21":1,"22":1,"23":1,"24":1,"25":1,"26":1},"f":{},"b":{},"_coverageSchema":"1a1c01bbd47fc00a2c39e90264f33305004495a9","hash":"3828c6a5a200b880b2c4bb9589bbb11ac5476235"}
,"/home/javier/softwareBuilders/express/javier_gomez_proyecto_final/src/authentication/pswEncryption.js": {"path":"/home/javier/softwareBuilders/express/javier_gomez_proyecto_final/src/authentication/pswEncryption.js","statementMap":{"0":{"start":{"line":1,"column":15},"end":{"line":1,"column":32}},"1":{"start":{"line":4,"column":21},"end":{"line":12,"column":1}},"2":{"start":{"line":5,"column":2},"end":{"line":11,"column":3}},"3":{"start":{"line":6,"column":27},"end":{"line":6,"column":58}},"4":{"start":{"line":8,"column":4},"end":{"line":8,"column":26}},"5":{"start":{"line":10,"column":4},"end":{"line":10,"column":77}},"6":{"start":{"line":14,"column":25},"end":{"line":22,"column":1}},"7":{"start":{"line":15,"column":2},"end":{"line":21,"column":3}},"8":{"start":{"line":16,"column":26},"end":{"line":16,"column":72}},"9":{"start":{"line":18,"column":4},"end":{"line":18,"column":25}},"10":{"start":{"line":20,"column":4},"end":{"line":20,"column":77}},"11":{"start":{"line":24,"column":0},"end":{"line":27,"column":1}}},"fnMap":{"0":{"name":"(anonymous_0)","decl":{"start":{"line":4,"column":21},"end":{"line":4,"column":22}},"loc":{"start":{"line":4,"column":41},"end":{"line":12,"column":1}},"line":4},"1":{"name":"(anonymous_1)","decl":{"start":{"line":14,"column":25},"end":{"line":14,"column":26}},"loc":{"start":{"line":14,"column":61},"end":{"line":22,"column":1}},"line":14}},"branchMap":{"0":{"loc":{"start":{"line":10,"column":20},"end":{"line":10,"column":40}},"type":"binary-expr","locations":[{"start":{"line":10,"column":20},"end":{"line":10,"column":33}},{"start":{"line":10,"column":37},"end":{"line":10,"column":40}}],"line":10},"1":{"loc":{"start":{"line":10,"column":51},"end":{"line":10,"column":74}},"type":"binary-expr","locations":[{"start":{"line":10,"column":51},"end":{"line":10,"column":65}},{"start":{"line":10,"column":69},"end":{"line":10,"column":74}}],"line":10},"2":{"loc":{"start":{"line":20,"column":20},"end":{"line":20,"column":40}},"type":"binary-expr","locations":[{"start":{"line":20,"column":20},"end":{"line":20,"column":33}},{"start":{"line":20,"column":37},"end":{"line":20,"column":40}}],"line":20},"3":{"loc":{"start":{"line":20,"column":51},"end":{"line":20,"column":74}},"type":"binary-expr","locations":[{"start":{"line":20,"column":51},"end":{"line":20,"column":65}},{"start":{"line":20,"column":69},"end":{"line":20,"column":74}}],"line":20}},"s":{"0":1,"1":1,"2":5,"3":5,"4":5,"5":0,"6":1,"7":16,"8":16,"9":16,"10":0,"11":1},"f":{"0":5,"1":16},"b":{"0":[0,0],"1":[0,0],"2":[0,0],"3":[0,0]},"_coverageSchema":"1a1c01bbd47fc00a2c39e90264f33305004495a9","hash":"f329e28699c3ec1adc8d4acf59ca9747d0585d13"}
,"/home/javier/softwareBuilders/express/javier_gomez_proyecto_final/src/controllers/loginController.js": {"path":"/home/javier/softwareBuilders/express/javier_gomez_proyecto_final/src/controllers/loginController.js","statementMap":{"0":{"start":{"line":1,"column":21},"end":{"line":1,"column":56}},"1":{"start":{"line":2,"column":29},"end":{"line":2,"column":72}},"2":{"start":{"line":3,"column":20},"end":{"line":3,"column":54}},"3":{"start":{"line":4,"column":23},"end":{"line":4,"column":60}},"4":{"start":{"line":6,"column":22},"end":{"line":12,"column":1}},"5":{"start":{"line":7,"column":2},"end":{"line":11,"column":3}},"6":{"start":{"line":8,"column":4},"end":{"line":8,"column":36}},"7":{"start":{"line":10,"column":4},"end":{"line":10,"column":78}},"8":{"start":{"line":14,"column":18},"end":{"line":41,"column":1}},"9":{"start":{"line":15,"column":19},"end":{"line":18,"column":3}},"10":{"start":{"line":20,"column":2},"end":{"line":40,"column":3}},"11":{"start":{"line":21,"column":22},"end":{"line":21,"column":60}},"12":{"start":{"line":22,"column":26},"end":{"line":27,"column":5}},"13":{"start":{"line":29,"column":4},"end":{"line":29,"column":56}},"14":{"start":{"line":31,"column":18},"end":{"line":31,"column":63}},"15":{"start":{"line":33,"column":4},"end":{"line":36,"column":25}},"16":{"start":{"line":38,"column":4},"end":{"line":38,"column":52}},"17":{"start":{"line":39,"column":4},"end":{"line":39,"column":59}},"18":{"start":{"line":43,"column":15},"end":{"line":50,"column":1}},"19":{"start":{"line":44,"column":2},"end":{"line":49,"column":3}},"20":{"start":{"line":45,"column":4},"end":{"line":45,"column":44}},"21":{"start":{"line":46,"column":4},"end":{"line":46,"column":39}},"22":{"start":{"line":48,"column":4},"end":{"line":48,"column":78}},"23":{"start":{"line":52,"column":23},"end":{"line":69,"column":1}},"24":{"start":{"line":53,"column":2},"end":{"line":53,"column":24}},"25":{"start":{"line":54,"column":19},"end":{"line":57,"column":3}},"26":{"start":{"line":59,"column":2},"end":{"line":68,"column":3}},"27":{"start":{"line":60,"column":22},"end":{"line":60,"column":60}},"28":{"start":{"line":61,"column":26},"end":{"line":61,"column":41}},"29":{"start":{"line":63,"column":19},"end":{"line":63,"column":65}},"30":{"start":{"line":65,"column":4},"end":{"line":65,"column":44}},"31":{"start":{"line":67,"column":4},"end":{"line":67,"column":78}},"32":{"start":{"line":71,"column":15},"end":{"line":94,"column":1}},"33":{"start":{"line":72,"column":2},"end":{"line":93,"column":3}},"34":{"start":{"line":73,"column":21},"end":{"line":76,"column":5}},"35":{"start":{"line":78,"column":20},"end":{"line":78,"column":72}},"36":{"start":{"line":80,"column":24},"end":{"line":86,"column":5}},"37":{"start":{"line":88,"column":23},"end":{"line":88,"column":85}},"38":{"start":{"line":90,"column":4},"end":{"line":90,"column":132}},"39":{"start":{"line":92,"column":4},"end":{"line":92,"column":78}},"40":{"start":{"line":96,"column":13},"end":{"line":98,"column":1}},"41":{"start":{"line":97,"column":2},"end":{"line":97,"column":21}},"42":{"start":{"line":100,"column":0},"end":{"line":107,"column":2}}},"fnMap":{"0":{"name":"(anonymous_0)","decl":{"start":{"line":6,"column":22},"end":{"line":6,"column":23}},"loc":{"start":{"line":6,"column":36},"end":{"line":12,"column":1}},"line":6},"1":{"name":"(anonymous_1)","decl":{"start":{"line":14,"column":18},"end":{"line":14,"column":19}},"loc":{"start":{"line":14,"column":38},"end":{"line":41,"column":1}},"line":14},"2":{"name":"(anonymous_2)","decl":{"start":{"line":43,"column":15},"end":{"line":43,"column":16}},"loc":{"start":{"line":43,"column":35},"end":{"line":50,"column":1}},"line":43},"3":{"name":"(anonymous_3)","decl":{"start":{"line":52,"column":23},"end":{"line":52,"column":24}},"loc":{"start":{"line":52,"column":43},"end":{"line":69,"column":1}},"line":52},"4":{"name":"(anonymous_4)","decl":{"start":{"line":71,"column":15},"end":{"line":71,"column":16}},"loc":{"start":{"line":71,"column":35},"end":{"line":94,"column":1}},"line":71},"5":{"name":"(anonymous_5)","decl":{"start":{"line":96,"column":13},"end":{"line":96,"column":14}},"loc":{"start":{"line":96,"column":33},"end":{"line":98,"column":1}},"line":96}},"branchMap":{"0":{"loc":{"start":{"line":10,"column":15},"end":{"line":10,"column":35}},"type":"binary-expr","locations":[{"start":{"line":10,"column":15},"end":{"line":10,"column":28}},{"start":{"line":10,"column":32},"end":{"line":10,"column":35}}],"line":10},"1":{"loc":{"start":{"line":10,"column":51},"end":{"line":10,"column":74}},"type":"binary-expr","locations":[{"start":{"line":10,"column":51},"end":{"line":10,"column":65}},{"start":{"line":10,"column":69},"end":{"line":10,"column":74}}],"line":10},"2":{"loc":{"start":{"line":38,"column":25},"end":{"line":38,"column":48}},"type":"binary-expr","locations":[{"start":{"line":38,"column":25},"end":{"line":38,"column":39}},{"start":{"line":38,"column":43},"end":{"line":38,"column":48}}],"line":38},"3":{"loc":{"start":{"line":39,"column":15},"end":{"line":39,"column":35}},"type":"binary-expr","locations":[{"start":{"line":39,"column":15},"end":{"line":39,"column":28}},{"start":{"line":39,"column":32},"end":{"line":39,"column":35}}],"line":39},"4":{"loc":{"start":{"line":48,"column":15},"end":{"line":48,"column":35}},"type":"binary-expr","locations":[{"start":{"line":48,"column":15},"end":{"line":48,"column":28}},{"start":{"line":48,"column":32},"end":{"line":48,"column":35}}],"line":48},"5":{"loc":{"start":{"line":48,"column":51},"end":{"line":48,"column":74}},"type":"binary-expr","locations":[{"start":{"line":48,"column":51},"end":{"line":48,"column":65}},{"start":{"line":48,"column":69},"end":{"line":48,"column":74}}],"line":48},"6":{"loc":{"start":{"line":67,"column":15},"end":{"line":67,"column":35}},"type":"binary-expr","locations":[{"start":{"line":67,"column":15},"end":{"line":67,"column":28}},{"start":{"line":67,"column":32},"end":{"line":67,"column":35}}],"line":67},"7":{"loc":{"start":{"line":67,"column":51},"end":{"line":67,"column":74}},"type":"binary-expr","locations":[{"start":{"line":67,"column":51},"end":{"line":67,"column":65}},{"start":{"line":67,"column":69},"end":{"line":67,"column":74}}],"line":67},"8":{"loc":{"start":{"line":92,"column":15},"end":{"line":92,"column":35}},"type":"binary-expr","locations":[{"start":{"line":92,"column":15},"end":{"line":92,"column":28}},{"start":{"line":92,"column":32},"end":{"line":92,"column":35}}],"line":92},"9":{"loc":{"start":{"line":92,"column":51},"end":{"line":92,"column":74}},"type":"binary-expr","locations":[{"start":{"line":92,"column":51},"end":{"line":92,"column":65}},{"start":{"line":92,"column":69},"end":{"line":92,"column":74}}],"line":92}},"s":{"0":1,"1":1,"2":1,"3":1,"4":1,"5":1,"6":1,"7":0,"8":1,"9":15,"10":15,"11":15,"12":11,"13":11,"14":11,"15":11,"16":4,"17":4,"18":1,"19":2,"20":2,"21":2,"22":0,"23":1,"24":2,"25":2,"26":2,"27":2,"28":1,"29":1,"30":1,"31":1,"32":1,"33":3,"34":3,"35":3,"36":2,"37":2,"38":1,"39":2,"40":1,"41":0,"42":1},"f":{"0":1,"1":15,"2":2,"3":2,"4":3,"5":0},"b":{"0":[0,0],"1":[0,0],"2":[4,0],"3":[4,0],"4":[0,0],"5":[0,0],"6":[1,0],"7":[1,0],"8":[2,0],"9":[2,0]},"_coverageSchema":"1a1c01bbd47fc00a2c39e90264f33305004495a9","hash":"0bb32153cd9f998a5a6214a55f48e45f9130b38d"}
,"/home/javier/softwareBuilders/express/javier_gomez_proyecto_final/src/controllers/studentController.js": {"path":"/home/javier/softwareBuilders/express/javier_gomez_proyecto_final/src/controllers/studentController.js","statementMap":{"0":{"start":{"line":1,"column":23},"end":{"line":1,"column":60}},"1":{"start":{"line":3,"column":23},"end":{"line":12,"column":1}},"2":{"start":{"line":4,"column":2},"end":{"line":11,"column":3}},"3":{"start":{"line":5,"column":24},"end":{"line":5,"column":61}},"4":{"start":{"line":6,"column":4},"end":{"line":8,"column":73}},"5":{"start":{"line":10,"column":4},"end":{"line":10,"column":78}},"6":{"start":{"line":14,"column":23},"end":{"line":25,"column":1}},"7":{"start":{"line":15,"column":20},"end":{"line":15,"column":33}},"8":{"start":{"line":17,"column":2},"end":{"line":24,"column":3}},"9":{"start":{"line":18,"column":24},"end":{"line":18,"column":70}},"10":{"start":{"line":19,"column":4},"end":{"line":21,"column":74}},"11":{"start":{"line":23,"column":4},"end":{"line":23,"column":78}},"12":{"start":{"line":27,"column":25},"end":{"line":44,"column":1}},"13":{"start":{"line":28,"column":22},"end":{"line":34,"column":3}},"14":{"start":{"line":36,"column":2},"end":{"line":43,"column":3}},"15":{"start":{"line":37,"column":23},"end":{"line":37,"column":73}},"16":{"start":{"line":38,"column":4},"end":{"line":40,"column":72}},"17":{"start":{"line":42,"column":4},"end":{"line":42,"column":78}},"18":{"start":{"line":46,"column":22},"end":{"line":68,"column":1}},"19":{"start":{"line":47,"column":20},"end":{"line":47,"column":33}},"20":{"start":{"line":48,"column":22},"end":{"line":54,"column":3}},"21":{"start":{"line":56,"column":2},"end":{"line":67,"column":3}},"22":{"start":{"line":57,"column":27},"end":{"line":60,"column":5}},"23":{"start":{"line":61,"column":4},"end":{"line":64,"column":7}},"24":{"start":{"line":66,"column":4},"end":{"line":66,"column":78}},"25":{"start":{"line":70,"column":22},"end":{"line":79,"column":1}},"26":{"start":{"line":71,"column":20},"end":{"line":71,"column":33}},"27":{"start":{"line":73,"column":2},"end":{"line":78,"column":3}},"28":{"start":{"line":74,"column":27},"end":{"line":74,"column":72}},"29":{"start":{"line":75,"column":4},"end":{"line":75,"column":41}},"30":{"start":{"line":77,"column":4},"end":{"line":77,"column":78}},"31":{"start":{"line":81,"column":0},"end":{"line":87,"column":2}}},"fnMap":{"0":{"name":"(anonymous_0)","decl":{"start":{"line":3,"column":23},"end":{"line":3,"column":24}},"loc":{"start":{"line":3,"column":43},"end":{"line":12,"column":1}},"line":3},"1":{"name":"(anonymous_1)","decl":{"start":{"line":14,"column":23},"end":{"line":14,"column":24}},"loc":{"start":{"line":14,"column":43},"end":{"line":25,"column":1}},"line":14},"2":{"name":"(anonymous_2)","decl":{"start":{"line":27,"column":25},"end":{"line":27,"column":26}},"loc":{"start":{"line":27,"column":45},"end":{"line":44,"column":1}},"line":27},"3":{"name":"(anonymous_3)","decl":{"start":{"line":46,"column":22},"end":{"line":46,"column":23}},"loc":{"start":{"line":46,"column":42},"end":{"line":68,"column":1}},"line":46},"4":{"name":"(anonymous_4)","decl":{"start":{"line":70,"column":22},"end":{"line":70,"column":23}},"loc":{"start":{"line":70,"column":42},"end":{"line":79,"column":1}},"line":70}},"branchMap":{"0":{"loc":{"start":{"line":10,"column":15},"end":{"line":10,"column":35}},"type":"binary-expr","locations":[{"start":{"line":10,"column":15},"end":{"line":10,"column":28}},{"start":{"line":10,"column":32},"end":{"line":10,"column":35}}],"line":10},"1":{"loc":{"start":{"line":10,"column":51},"end":{"line":10,"column":74}},"type":"binary-expr","locations":[{"start":{"line":10,"column":51},"end":{"line":10,"column":65}},{"start":{"line":10,"column":69},"end":{"line":10,"column":74}}],"line":10},"2":{"loc":{"start":{"line":23,"column":15},"end":{"line":23,"column":35}},"type":"binary-expr","locations":[{"start":{"line":23,"column":15},"end":{"line":23,"column":28}},{"start":{"line":23,"column":32},"end":{"line":23,"column":35}}],"line":23},"3":{"loc":{"start":{"line":23,"column":51},"end":{"line":23,"column":74}},"type":"binary-expr","locations":[{"start":{"line":23,"column":51},"end":{"line":23,"column":65}},{"start":{"line":23,"column":69},"end":{"line":23,"column":74}}],"line":23},"4":{"loc":{"start":{"line":42,"column":15},"end":{"line":42,"column":35}},"type":"binary-expr","locations":[{"start":{"line":42,"column":15},"end":{"line":42,"column":28}},{"start":{"line":42,"column":32},"end":{"line":42,"column":35}}],"line":42},"5":{"loc":{"start":{"line":42,"column":51},"end":{"line":42,"column":74}},"type":"binary-expr","locations":[{"start":{"line":42,"column":51},"end":{"line":42,"column":65}},{"start":{"line":42,"column":69},"end":{"line":42,"column":74}}],"line":42},"6":{"loc":{"start":{"line":66,"column":15},"end":{"line":66,"column":35}},"type":"binary-expr","locations":[{"start":{"line":66,"column":15},"end":{"line":66,"column":28}},{"start":{"line":66,"column":32},"end":{"line":66,"column":35}}],"line":66},"7":{"loc":{"start":{"line":66,"column":51},"end":{"line":66,"column":74}},"type":"binary-expr","locations":[{"start":{"line":66,"column":51},"end":{"line":66,"column":65}},{"start":{"line":66,"column":69},"end":{"line":66,"column":74}}],"line":66},"8":{"loc":{"start":{"line":77,"column":15},"end":{"line":77,"column":35}},"type":"binary-expr","locations":[{"start":{"line":77,"column":15},"end":{"line":77,"column":28}},{"start":{"line":77,"column":32},"end":{"line":77,"column":35}}],"line":77},"9":{"loc":{"start":{"line":77,"column":51},"end":{"line":77,"column":74}},"type":"binary-expr","locations":[{"start":{"line":77,"column":51},"end":{"line":77,"column":65}},{"start":{"line":77,"column":69},"end":{"line":77,"column":74}}],"line":77}},"s":{"0":1,"1":1,"2":1,"3":1,"4":1,"5":0,"6":1,"7":2,"8":2,"9":2,"10":1,"11":1,"12":1,"13":3,"14":3,"15":3,"16":1,"17":2,"18":1,"19":2,"20":2,"21":2,"22":2,"23":1,"24":1,"25":1,"26":2,"27":2,"28":2,"29":1,"30":1,"31":1},"f":{"0":1,"1":2,"2":3,"3":2,"4":2},"b":{"0":[0,0],"1":[0,0],"2":[1,0],"3":[1,0],"4":[2,0],"5":[2,0],"6":[1,0],"7":[1,0],"8":[1,0],"9":[1,0]},"_coverageSchema":"1a1c01bbd47fc00a2c39e90264f33305004495a9","hash":"fdb93cd19ee9c7c60d592adf7a77bfa0a4f8f2b1"}
,"/home/javier/softwareBuilders/express/javier_gomez_proyecto_final/src/controllers/teacherController.js": {"path":"/home/javier/softwareBuilders/express/javier_gomez_proyecto_final/src/controllers/teacherController.js","statementMap":{"0":{"start":{"line":1,"column":23},"end":{"line":1,"column":60}},"1":{"start":{"line":3,"column":23},"end":{"line":13,"column":1}},"2":{"start":{"line":4,"column":2},"end":{"line":12,"column":3}},"3":{"start":{"line":5,"column":24},"end":{"line":5,"column":61}},"4":{"start":{"line":7,"column":4},"end":{"line":9,"column":73}},"5":{"start":{"line":11,"column":4},"end":{"line":11,"column":78}},"6":{"start":{"line":15,"column":23},"end":{"line":27,"column":1}},"7":{"start":{"line":16,"column":20},"end":{"line":16,"column":33}},"8":{"start":{"line":18,"column":2},"end":{"line":26,"column":3}},"9":{"start":{"line":19,"column":24},"end":{"line":19,"column":70}},"10":{"start":{"line":21,"column":4},"end":{"line":23,"column":74}},"11":{"start":{"line":25,"column":4},"end":{"line":25,"column":78}},"12":{"start":{"line":29,"column":25},"end":{"line":47,"column":1}},"13":{"start":{"line":30,"column":22},"end":{"line":36,"column":3}},"14":{"start":{"line":38,"column":2},"end":{"line":46,"column":3}},"15":{"start":{"line":39,"column":23},"end":{"line":39,"column":73}},"16":{"start":{"line":41,"column":4},"end":{"line":43,"column":72}},"17":{"start":{"line":45,"column":4},"end":{"line":45,"column":78}},"18":{"start":{"line":49,"column":22},"end":{"line":71,"column":1}},"19":{"start":{"line":50,"column":20},"end":{"line":50,"column":33}},"20":{"start":{"line":51,"column":22},"end":{"line":57,"column":3}},"21":{"start":{"line":59,"column":2},"end":{"line":70,"column":3}},"22":{"start":{"line":60,"column":27},"end":{"line":63,"column":5}},"23":{"start":{"line":64,"column":4},"end":{"line":67,"column":7}},"24":{"start":{"line":69,"column":4},"end":{"line":69,"column":78}},"25":{"start":{"line":73,"column":22},"end":{"line":82,"column":1}},"26":{"start":{"line":74,"column":20},"end":{"line":74,"column":33}},"27":{"start":{"line":76,"column":2},"end":{"line":81,"column":3}},"28":{"start":{"line":77,"column":27},"end":{"line":77,"column":72}},"29":{"start":{"line":78,"column":4},"end":{"line":78,"column":41}},"30":{"start":{"line":80,"column":4},"end":{"line":80,"column":78}},"31":{"start":{"line":84,"column":47},"end":{"line":97,"column":1}},"32":{"start":{"line":85,"column":20},"end":{"line":85,"column":41}},"33":{"start":{"line":87,"column":2},"end":{"line":96,"column":3}},"34":{"start":{"line":89,"column":6},"end":{"line":89,"column":76}},"35":{"start":{"line":90,"column":4},"end":{"line":93,"column":7}},"36":{"start":{"line":95,"column":4},"end":{"line":95,"column":78}},"37":{"start":{"line":99,"column":0},"end":{"line":106,"column":2}}},"fnMap":{"0":{"name":"(anonymous_0)","decl":{"start":{"line":3,"column":23},"end":{"line":3,"column":24}},"loc":{"start":{"line":3,"column":43},"end":{"line":13,"column":1}},"line":3},"1":{"name":"(anonymous_1)","decl":{"start":{"line":15,"column":23},"end":{"line":15,"column":24}},"loc":{"start":{"line":15,"column":43},"end":{"line":27,"column":1}},"line":15},"2":{"name":"(anonymous_2)","decl":{"start":{"line":29,"column":25},"end":{"line":29,"column":26}},"loc":{"start":{"line":29,"column":45},"end":{"line":47,"column":1}},"line":29},"3":{"name":"(anonymous_3)","decl":{"start":{"line":49,"column":22},"end":{"line":49,"column":23}},"loc":{"start":{"line":49,"column":42},"end":{"line":71,"column":1}},"line":49},"4":{"name":"(anonymous_4)","decl":{"start":{"line":73,"column":22},"end":{"line":73,"column":23}},"loc":{"start":{"line":73,"column":42},"end":{"line":82,"column":1}},"line":73},"5":{"name":"(anonymous_5)","decl":{"start":{"line":84,"column":47},"end":{"line":84,"column":48}},"loc":{"start":{"line":84,"column":67},"end":{"line":97,"column":1}},"line":84}},"branchMap":{"0":{"loc":{"start":{"line":11,"column":15},"end":{"line":11,"column":35}},"type":"binary-expr","locations":[{"start":{"line":11,"column":15},"end":{"line":11,"column":28}},{"start":{"line":11,"column":32},"end":{"line":11,"column":35}}],"line":11},"1":{"loc":{"start":{"line":11,"column":51},"end":{"line":11,"column":74}},"type":"binary-expr","locations":[{"start":{"line":11,"column":51},"end":{"line":11,"column":65}},{"start":{"line":11,"column":69},"end":{"line":11,"column":74}}],"line":11},"2":{"loc":{"start":{"line":25,"column":15},"end":{"line":25,"column":35}},"type":"binary-expr","locations":[{"start":{"line":25,"column":15},"end":{"line":25,"column":28}},{"start":{"line":25,"column":32},"end":{"line":25,"column":35}}],"line":25},"3":{"loc":{"start":{"line":25,"column":51},"end":{"line":25,"column":74}},"type":"binary-expr","locations":[{"start":{"line":25,"column":51},"end":{"line":25,"column":65}},{"start":{"line":25,"column":69},"end":{"line":25,"column":74}}],"line":25},"4":{"loc":{"start":{"line":45,"column":15},"end":{"line":45,"column":35}},"type":"binary-expr","locations":[{"start":{"line":45,"column":15},"end":{"line":45,"column":28}},{"start":{"line":45,"column":32},"end":{"line":45,"column":35}}],"line":45},"5":{"loc":{"start":{"line":45,"column":51},"end":{"line":45,"column":74}},"type":"binary-expr","locations":[{"start":{"line":45,"column":51},"end":{"line":45,"column":65}},{"start":{"line":45,"column":69},"end":{"line":45,"column":74}}],"line":45},"6":{"loc":{"start":{"line":69,"column":15},"end":{"line":69,"column":35}},"type":"binary-expr","locations":[{"start":{"line":69,"column":15},"end":{"line":69,"column":28}},{"start":{"line":69,"column":32},"end":{"line":69,"column":35}}],"line":69},"7":{"loc":{"start":{"line":69,"column":51},"end":{"line":69,"column":74}},"type":"binary-expr","locations":[{"start":{"line":69,"column":51},"end":{"line":69,"column":65}},{"start":{"line":69,"column":69},"end":{"line":69,"column":74}}],"line":69},"8":{"loc":{"start":{"line":80,"column":15},"end":{"line":80,"column":35}},"type":"binary-expr","locations":[{"start":{"line":80,"column":15},"end":{"line":80,"column":28}},{"start":{"line":80,"column":32},"end":{"line":80,"column":35}}],"line":80},"9":{"loc":{"start":{"line":80,"column":51},"end":{"line":80,"column":74}},"type":"binary-expr","locations":[{"start":{"line":80,"column":51},"end":{"line":80,"column":65}},{"start":{"line":80,"column":69},"end":{"line":80,"column":74}}],"line":80},"10":{"loc":{"start":{"line":95,"column":15},"end":{"line":95,"column":35}},"type":"binary-expr","locations":[{"start":{"line":95,"column":15},"end":{"line":95,"column":28}},{"start":{"line":95,"column":32},"end":{"line":95,"column":35}}],"line":95},"11":{"loc":{"start":{"line":95,"column":51},"end":{"line":95,"column":74}},"type":"binary-expr","locations":[{"start":{"line":95,"column":51},"end":{"line":95,"column":65}},{"start":{"line":95,"column":69},"end":{"line":95,"column":74}}],"line":95}},"s":{"0":1,"1":1,"2":1,"3":1,"4":1,"5":0,"6":1,"7":2,"8":2,"9":2,"10":1,"11":1,"12":1,"13":4,"14":4,"15":4,"16":1,"17":3,"18":1,"19":2,"20":2,"21":2,"22":2,"23":1,"24":1,"25":1,"26":2,"27":2,"28":2,"29":1,"30":1,"31":1,"32":2,"33":2,"34":2,"35":1,"36":1,"37":1},"f":{"0":1,"1":2,"2":4,"3":2,"4":2,"5":2},"b":{"0":[0,0],"1":[0,0],"2":[1,0],"3":[1,0],"4":[3,0],"5":[3,0],"6":[1,0],"7":[1,0],"8":[1,0],"9":[1,0],"10":[1,0],"11":[1,0]},"_coverageSchema":"1a1c01bbd47fc00a2c39e90264f33305004495a9","hash":"1678baa4b5d7bf07cb07ff17b6664d37f4d9881a"}
,"/home/javier/softwareBuilders/express/javier_gomez_proyecto_final/src/controllers/userController.js": {"path":"/home/javier/softwareBuilders/express/javier_gomez_proyecto_final/src/controllers/userController.js","statementMap":{"0":{"start":{"line":1,"column":20},"end":{"line":1,"column":54}},"1":{"start":{"line":2,"column":23},"end":{"line":2,"column":60}},"2":{"start":{"line":4,"column":20},"end":{"line":12,"column":1}},"3":{"start":{"line":5,"column":2},"end":{"line":11,"column":3}},"4":{"start":{"line":6,"column":21},"end":{"line":6,"column":52}},"5":{"start":{"line":8,"column":4},"end":{"line":8,"column":77}},"6":{"start":{"line":10,"column":4},"end":{"line":10,"column":78}},"7":{"start":{"line":14,"column":20},"end":{"line":22,"column":1}},"8":{"start":{"line":15,"column":17},"end":{"line":15,"column":30}},"9":{"start":{"line":16,"column":2},"end":{"line":21,"column":3}},"10":{"start":{"line":17,"column":21},"end":{"line":17,"column":58}},"11":{"start":{"line":18,"column":4},"end":{"line":18,"column":72}},"12":{"start":{"line":20,"column":4},"end":{"line":20,"column":78}},"13":{"start":{"line":24,"column":22},"end":{"line":38,"column":1}},"14":{"start":{"line":25,"column":19},"end":{"line":28,"column":3}},"15":{"start":{"line":30,"column":2},"end":{"line":37,"column":3}},"16":{"start":{"line":31,"column":20},"end":{"line":31,"column":61}},"17":{"start":{"line":32,"column":4},"end":{"line":34,"column":71}},"18":{"start":{"line":36,"column":4},"end":{"line":36,"column":78}},"19":{"start":{"line":40,"column":19},"end":{"line":57,"column":1}},"20":{"start":{"line":41,"column":17},"end":{"line":41,"column":30}},"21":{"start":{"line":42,"column":2},"end":{"line":42,"column":22}},"22":{"start":{"line":43,"column":19},"end":{"line":47,"column":3}},"23":{"start":{"line":49,"column":2},"end":{"line":56,"column":3}},"24":{"start":{"line":50,"column":24},"end":{"line":50,"column":70}},"25":{"start":{"line":51,"column":4},"end":{"line":53,"column":80}},"26":{"start":{"line":55,"column":4},"end":{"line":55,"column":78}},"27":{"start":{"line":59,"column":19},"end":{"line":68,"column":1}},"28":{"start":{"line":60,"column":17},"end":{"line":60,"column":30}},"29":{"start":{"line":62,"column":2},"end":{"line":67,"column":3}},"30":{"start":{"line":63,"column":24},"end":{"line":63,"column":60}},"31":{"start":{"line":64,"column":4},"end":{"line":64,"column":38}},"32":{"start":{"line":66,"column":4},"end":{"line":66,"column":78}},"33":{"start":{"line":70,"column":33},"end":{"line":79,"column":1}},"34":{"start":{"line":71,"column":17},"end":{"line":71,"column":30}},"35":{"start":{"line":73,"column":2},"end":{"line":78,"column":3}},"36":{"start":{"line":74,"column":23},"end":{"line":74,"column":73}},"37":{"start":{"line":75,"column":4},"end":{"line":75,"column":37}},"38":{"start":{"line":77,"column":4},"end":{"line":77,"column":78}},"39":{"start":{"line":81,"column":24},"end":{"line":90,"column":1}},"40":{"start":{"line":82,"column":17},"end":{"line":82,"column":30}},"41":{"start":{"line":84,"column":2},"end":{"line":89,"column":3}},"42":{"start":{"line":85,"column":23},"end":{"line":85,"column":64}},"43":{"start":{"line":86,"column":4},"end":{"line":86,"column":65}},"44":{"start":{"line":88,"column":4},"end":{"line":88,"column":78}},"45":{"start":{"line":92,"column":20},"end":{"line":99,"column":1}},"46":{"start":{"line":93,"column":2},"end":{"line":98,"column":3}},"47":{"start":{"line":94,"column":21},"end":{"line":94,"column":52}},"48":{"start":{"line":95,"column":4},"end":{"line":95,"column":60}},"49":{"start":{"line":97,"column":4},"end":{"line":97,"column":78}},"50":{"start":{"line":101,"column":23},"end":{"line":110,"column":1}},"51":{"start":{"line":102,"column":17},"end":{"line":102,"column":36}},"52":{"start":{"line":103,"column":2},"end":{"line":109,"column":3}},"53":{"start":{"line":104,"column":41},"end":{"line":104,"column":99}},"54":{"start":{"line":106,"column":4},"end":{"line":106,"column":96}},"55":{"start":{"line":108,"column":4},"end":{"line":108,"column":78}},"56":{"start":{"line":112,"column":0},"end":{"line":123,"column":2}}},"fnMap":{"0":{"name":"(anonymous_0)","decl":{"start":{"line":4,"column":20},"end":{"line":4,"column":21}},"loc":{"start":{"line":4,"column":40},"end":{"line":12,"column":1}},"line":4},"1":{"name":"(anonymous_1)","decl":{"start":{"line":14,"column":20},"end":{"line":14,"column":21}},"loc":{"start":{"line":14,"column":40},"end":{"line":22,"column":1}},"line":14},"2":{"name":"(anonymous_2)","decl":{"start":{"line":24,"column":22},"end":{"line":24,"column":23}},"loc":{"start":{"line":24,"column":42},"end":{"line":38,"column":1}},"line":24},"3":{"name":"(anonymous_3)","decl":{"start":{"line":40,"column":19},"end":{"line":40,"column":20}},"loc":{"start":{"line":40,"column":39},"end":{"line":57,"column":1}},"line":40},"4":{"name":"(anonymous_4)","decl":{"start":{"line":59,"column":19},"end":{"line":59,"column":20}},"loc":{"start":{"line":59,"column":39},"end":{"line":68,"column":1}},"line":59},"5":{"name":"(anonymous_5)","decl":{"start":{"line":70,"column":33},"end":{"line":70,"column":34}},"loc":{"start":{"line":70,"column":53},"end":{"line":79,"column":1}},"line":70},"6":{"name":"(anonymous_6)","decl":{"start":{"line":81,"column":24},"end":{"line":81,"column":25}},"loc":{"start":{"line":81,"column":44},"end":{"line":90,"column":1}},"line":81},"7":{"name":"(anonymous_7)","decl":{"start":{"line":92,"column":20},"end":{"line":92,"column":21}},"loc":{"start":{"line":92,"column":40},"end":{"line":99,"column":1}},"line":92},"8":{"name":"(anonymous_8)","decl":{"start":{"line":101,"column":23},"end":{"line":101,"column":24}},"loc":{"start":{"line":101,"column":43},"end":{"line":110,"column":1}},"line":101}},"branchMap":{"0":{"loc":{"start":{"line":10,"column":15},"end":{"line":10,"column":35}},"type":"binary-expr","locations":[{"start":{"line":10,"column":15},"end":{"line":10,"column":28}},{"start":{"line":10,"column":32},"end":{"line":10,"column":35}}],"line":10},"1":{"loc":{"start":{"line":10,"column":51},"end":{"line":10,"column":74}},"type":"binary-expr","locations":[{"start":{"line":10,"column":51},"end":{"line":10,"column":65}},{"start":{"line":10,"column":69},"end":{"line":10,"column":74}}],"line":10},"2":{"loc":{"start":{"line":20,"column":15},"end":{"line":20,"column":35}},"type":"binary-expr","locations":[{"start":{"line":20,"column":15},"end":{"line":20,"column":28}},{"start":{"line":20,"column":32},"end":{"line":20,"column":35}}],"line":20},"3":{"loc":{"start":{"line":20,"column":51},"end":{"line":20,"column":74}},"type":"binary-expr","locations":[{"start":{"line":20,"column":51},"end":{"line":20,"column":65}},{"start":{"line":20,"column":69},"end":{"line":20,"column":74}}],"line":20},"4":{"loc":{"start":{"line":36,"column":15},"end":{"line":36,"column":35}},"type":"binary-expr","locations":[{"start":{"line":36,"column":15},"end":{"line":36,"column":28}},{"start":{"line":36,"column":32},"end":{"line":36,"column":35}}],"line":36},"5":{"loc":{"start":{"line":36,"column":51},"end":{"line":36,"column":74}},"type":"binary-expr","locations":[{"start":{"line":36,"column":51},"end":{"line":36,"column":65}},{"start":{"line":36,"column":69},"end":{"line":36,"column":74}}],"line":36},"6":{"loc":{"start":{"line":55,"column":15},"end":{"line":55,"column":35}},"type":"binary-expr","locations":[{"start":{"line":55,"column":15},"end":{"line":55,"column":28}},{"start":{"line":55,"column":32},"end":{"line":55,"column":35}}],"line":55},"7":{"loc":{"start":{"line":55,"column":51},"end":{"line":55,"column":74}},"type":"binary-expr","locations":[{"start":{"line":55,"column":51},"end":{"line":55,"column":65}},{"start":{"line":55,"column":69},"end":{"line":55,"column":74}}],"line":55},"8":{"loc":{"start":{"line":66,"column":15},"end":{"line":66,"column":35}},"type":"binary-expr","locations":[{"start":{"line":66,"column":15},"end":{"line":66,"column":28}},{"start":{"line":66,"column":32},"end":{"line":66,"column":35}}],"line":66},"9":{"loc":{"start":{"line":66,"column":51},"end":{"line":66,"column":74}},"type":"binary-expr","locations":[{"start":{"line":66,"column":51},"end":{"line":66,"column":65}},{"start":{"line":66,"column":69},"end":{"line":66,"column":74}}],"line":66},"10":{"loc":{"start":{"line":77,"column":15},"end":{"line":77,"column":35}},"type":"binary-expr","locations":[{"start":{"line":77,"column":15},"end":{"line":77,"column":28}},{"start":{"line":77,"column":32},"end":{"line":77,"column":35}}],"line":77},"11":{"loc":{"start":{"line":77,"column":51},"end":{"line":77,"column":74}},"type":"binary-expr","locations":[{"start":{"line":77,"column":51},"end":{"line":77,"column":65}},{"start":{"line":77,"column":69},"end":{"line":77,"column":74}}],"line":77},"12":{"loc":{"start":{"line":88,"column":15},"end":{"line":88,"column":35}},"type":"binary-expr","locations":[{"start":{"line":88,"column":15},"end":{"line":88,"column":28}},{"start":{"line":88,"column":32},"end":{"line":88,"column":35}}],"line":88},"13":{"loc":{"start":{"line":88,"column":51},"end":{"line":88,"column":74}},"type":"binary-expr","locations":[{"start":{"line":88,"column":51},"end":{"line":88,"column":65}},{"start":{"line":88,"column":69},"end":{"line":88,"column":74}}],"line":88},"14":{"loc":{"start":{"line":97,"column":15},"end":{"line":97,"column":35}},"type":"binary-expr","locations":[{"start":{"line":97,"column":15},"end":{"line":97,"column":28}},{"start":{"line":97,"column":32},"end":{"line":97,"column":35}}],"line":97},"15":{"loc":{"start":{"line":97,"column":51},"end":{"line":97,"column":74}},"type":"binary-expr","locations":[{"start":{"line":97,"column":51},"end":{"line":97,"column":65}},{"start":{"line":97,"column":69},"end":{"line":97,"column":74}}],"line":97},"16":{"loc":{"start":{"line":108,"column":15},"end":{"line":108,"column":35}},"type":"binary-expr","locations":[{"start":{"line":108,"column":15},"end":{"line":108,"column":28}},{"start":{"line":108,"column":32},"end":{"line":108,"column":35}}],"line":108},"17":{"loc":{"start":{"line":108,"column":51},"end":{"line":108,"column":74}},"type":"binary-expr","locations":[{"start":{"line":108,"column":51},"end":{"line":108,"column":65}},{"start":{"line":108,"column":69},"end":{"line":108,"column":74}}],"line":108}},"s":{"0":1,"1":1,"2":1,"3":1,"4":1,"5":1,"6":0,"7":1,"8":2,"9":2,"10":2,"11":1,"12":1,"13":1,"14":2,"15":2,"16":2,"17":1,"18":1,"19":1,"20":2,"21":2,"22":2,"23":2,"24":2,"25":1,"26":1,"27":1,"28":2,"29":2,"30":2,"31":1,"32":1,"33":1,"34":3,"35":3,"36":3,"37":2,"38":1,"39":1,"40":2,"41":2,"42":2,"43":1,"44":1,"45":1,"46":1,"47":1,"48":1,"49":0,"50":1,"51":1,"52":1,"53":1,"54":1,"55":0,"56":1},"f":{"0":1,"1":2,"2":2,"3":2,"4":2,"5":3,"6":2,"7":1,"8":1},"b":{"0":[0,0],"1":[0,0],"2":[1,0],"3":[1,0],"4":[1,0],"5":[1,0],"6":[1,0],"7":[1,0],"8":[1,0],"9":[1,0],"10":[1,0],"11":[1,0],"12":[1,0],"13":[1,0],"14":[0,0],"15":[0,0],"16":[0,0],"17":[0,0]},"_coverageSchema":"1a1c01bbd47fc00a2c39e90264f33305004495a9","hash":"25556341fccb2d70d47679a0914cd170a511213d"}
,"/home/javier/softwareBuilders/express/javier_gomez_proyecto_final/src/db/models/index.js": {"path":"/home/javier/softwareBuilders/express/javier_gomez_proyecto_final/src/db/models/index.js","statementMap":{"0":{"start":{"line":3,"column":11},"end":{"line":3,"column":24}},"1":{"start":{"line":4,"column":13},"end":{"line":4,"column":28}},"2":{"start":{"line":5,"column":18},"end":{"line":5,"column":38}},"3":{"start":{"line":6,"column":16},"end":{"line":6,"column":34}},"4":{"start":{"line":7,"column":17},"end":{"line":7,"column":42}},"5":{"start":{"line":8,"column":12},"end":{"line":8,"column":49}},"6":{"start":{"line":9,"column":15},"end":{"line":9,"column":65}},"7":{"start":{"line":10,"column":11},"end":{"line":10,"column":13}},"8":{"start":{"line":13,"column":0},"end":{"line":17,"column":1}},"9":{"start":{"line":14,"column":2},"end":{"line":14,"column":74}},"10":{"start":{"line":16,"column":2},"end":{"line":16,"column":87}},"11":{"start":{"line":19,"column":0},"end":{"line":27,"column":5}},"12":{"start":{"line":22,"column":4},"end":{"line":22,"column":90}},"13":{"start":{"line":25,"column":18},"end":{"line":25,"column":85}},"14":{"start":{"line":26,"column":4},"end":{"line":26,"column":27}},"15":{"start":{"line":29,"column":0},"end":{"line":33,"column":3}},"16":{"start":{"line":30,"column":2},"end":{"line":32,"column":3}},"17":{"start":{"line":31,"column":4},"end":{"line":31,"column":32}},"18":{"start":{"line":35,"column":0},"end":{"line":35,"column":25}},"19":{"start":{"line":36,"column":0},"end":{"line":36,"column":25}},"20":{"start":{"line":38,"column":0},"end":{"line":38,"column":20}}},"fnMap":{"0":{"name":"(anonymous_0)","decl":{"start":{"line":21,"column":10},"end":{"line":21,"column":11}},"loc":{"start":{"line":21,"column":18},"end":{"line":23,"column":3}},"line":21},"1":{"name":"(anonymous_1)","decl":{"start":{"line":24,"column":11},"end":{"line":24,"column":12}},"loc":{"start":{"line":24,"column":19},"end":{"line":27,"column":3}},"line":24},"2":{"name":"(anonymous_2)","decl":{"start":{"line":29,"column":24},"end":{"line":29,"column":25}},"loc":{"start":{"line":29,"column":37},"end":{"line":33,"column":1}},"line":29}},"branchMap":{"0":{"loc":{"start":{"line":8,"column":12},"end":{"line":8,"column":49}},"type":"binary-expr","locations":[{"start":{"line":8,"column":12},"end":{"line":8,"column":32}},{"start":{"line":8,"column":36},"end":{"line":8,"column":49}}],"line":8},"1":{"loc":{"start":{"line":13,"column":0},"end":{"line":17,"column":1}},"type":"if","locations":[{"start":{"line":13,"column":0},"end":{"line":17,"column":1}},{"start":{"line":15,"column":7},"end":{"line":17,"column":1}}],"line":13},"2":{"loc":{"start":{"line":22,"column":11},"end":{"line":22,"column":89}},"type":"binary-expr","locations":[{"start":{"line":22,"column":12},"end":{"line":22,"column":35}},{"start":{"line":22,"column":41},"end":{"line":22,"column":58}},{"start":{"line":22,"column":64},"end":{"line":22,"column":88}}],"line":22},"3":{"loc":{"start":{"line":30,"column":2},"end":{"line":32,"column":3}},"type":"if","locations":[{"start":{"line":30,"column":2},"end":{"line":32,"column":3}},{"start":{},"end":{}}],"line":30}},"s":{"0":1,"1":1,"2":1,"3":1,"4":1,"5":1,"6":1,"7":1,"8":1,"9":0,"10":1,"11":1,"12":4,"13":3,"14":3,"15":1,"16":3,"17":3,"18":1,"19":1,"20":1},"f":{"0":4,"1":3,"2":3},"b":{"0":[1,0],"1":[0,1],"2":[4,4,3],"3":[3,0]},"_coverageSchema":"1a1c01bbd47fc00a2c39e90264f33305004495a9","hash":"a0ed92bf04977332b8d320dec1b1544299e32ee2"}
,"/home/javier/softwareBuilders/express/javier_gomez_proyecto_final/src/db/models/students.js": {"path":"/home/javier/softwareBuilders/express/javier_gomez_proyecto_final/src/db/models/students.js","statementMap":{"0":{"start":{"line":4,"column":4},"end":{"line":4,"column":24}},"1":{"start":{"line":5,"column":0},"end":{"line":27,"column":2}},"2":{"start":{"line":16,"column":2},"end":{"line":25,"column":5}},"3":{"start":{"line":26,"column":2},"end":{"line":26,"column":18}}},"fnMap":{"0":{"name":"(anonymous_0)","decl":{"start":{"line":5,"column":17},"end":{"line":5,"column":18}},"loc":{"start":{"line":5,"column":43},"end":{"line":27,"column":1}},"line":5},"1":{"name":"(anonymous_1)","decl":{"start":{"line":12,"column":4},"end":{"line":12,"column":5}},"loc":{"start":{"line":12,"column":29},"end":{"line":14,"column":5}},"line":12}},"branchMap":{},"s":{"0":1,"1":1,"2":1,"3":1},"f":{"0":1,"1":1},"b":{},"_coverageSchema":"1a1c01bbd47fc00a2c39e90264f33305004495a9","hash":"77164a11af97be23b17540b5b7335ea371364da9"}
,"/home/javier/softwareBuilders/express/javier_gomez_proyecto_final/src/db/models/teachers.js": {"path":"/home/javier/softwareBuilders/express/javier_gomez_proyecto_final/src/db/models/teachers.js","statementMap":{"0":{"start":{"line":4,"column":4},"end":{"line":4,"column":24}},"1":{"start":{"line":5,"column":0},"end":{"line":27,"column":2}},"2":{"start":{"line":16,"column":2},"end":{"line":25,"column":5}},"3":{"start":{"line":26,"column":2},"end":{"line":26,"column":18}}},"fnMap":{"0":{"name":"(anonymous_0)","decl":{"start":{"line":5,"column":17},"end":{"line":5,"column":18}},"loc":{"start":{"line":5,"column":43},"end":{"line":27,"column":1}},"line":5},"1":{"name":"(anonymous_1)","decl":{"start":{"line":12,"column":4},"end":{"line":12,"column":5}},"loc":{"start":{"line":12,"column":29},"end":{"line":14,"column":5}},"line":12}},"branchMap":{},"s":{"0":1,"1":1,"2":1,"3":1},"f":{"0":1,"1":1},"b":{},"_coverageSchema":"1a1c01bbd47fc00a2c39e90264f33305004495a9","hash":"33198030ebb28d3b6604209e1684cb2ca0c71a80"}
,"/home/javier/softwareBuilders/express/javier_gomez_proyecto_final/src/db/models/users.js": {"path":"/home/javier/softwareBuilders/express/javier_gomez_proyecto_final/src/db/models/users.js","statementMap":{"0":{"start":{"line":4,"column":4},"end":{"line":4,"column":24}},"1":{"start":{"line":5,"column":0},"end":{"line":26,"column":2}},"2":{"start":{"line":16,"column":2},"end":{"line":24,"column":5}},"3":{"start":{"line":25,"column":2},"end":{"line":25,"column":15}}},"fnMap":{"0":{"name":"(anonymous_0)","decl":{"start":{"line":5,"column":17},"end":{"line":5,"column":18}},"loc":{"start":{"line":5,"column":43},"end":{"line":26,"column":1}},"line":5},"1":{"name":"(anonymous_1)","decl":{"start":{"line":12,"column":4},"end":{"line":12,"column":5}},"loc":{"start":{"line":12,"column":29},"end":{"line":14,"column":5}},"line":12}},"branchMap":{},"s":{"0":1,"1":1,"2":1,"3":1},"f":{"0":1,"1":1},"b":{},"_coverageSchema":"1a1c01bbd47fc00a2c39e90264f33305004495a9","hash":"64078d8753f506b8b305eadee1a2c383c548f038"}
,"/home/javier/softwareBuilders/express/javier_gomez_proyecto_final/src/helpers/validationHelper.js": {"path":"/home/javier/softwareBuilders/express/javier_gomez_proyecto_final/src/helpers/validationHelper.js","statementMap":{"0":{"start":{"line":1,"column":29},"end":{"line":1,"column":57}},"1":{"start":{"line":3,"column":23},"end":{"line":10,"column":1}},"2":{"start":{"line":4,"column":2},"end":{"line":9,"column":3}},"3":{"start":{"line":5,"column":4},"end":{"line":5,"column":34}},"4":{"start":{"line":6,"column":4},"end":{"line":6,"column":18}},"5":{"start":{"line":8,"column":4},"end":{"line":8,"column":50}},"6":{"start":{"line":12,"column":0},"end":{"line":12,"column":36}}},"fnMap":{"0":{"name":"(anonymous_0)","decl":{"start":{"line":3,"column":23},"end":{"line":3,"column":24}},"loc":{"start":{"line":3,"column":43},"end":{"line":10,"column":1}},"line":3}},"branchMap":{},"s":{"0":1,"1":1,"2":24,"3":24,"4":18,"5":6,"6":1},"f":{"0":24},"b":{},"_coverageSchema":"1a1c01bbd47fc00a2c39e90264f33305004495a9","hash":"2c0d379d7131acc789531dddb28a145a89f6fd03"}
,"/home/javier/softwareBuilders/express/javier_gomez_proyecto_final/src/middlewares/authMiddleware.js": {"path":"/home/javier/softwareBuilders/express/javier_gomez_proyecto_final/src/middlewares/authMiddleware.js","statementMap":{"0":{"start":{"line":1,"column":12},"end":{"line":1,"column":35}},"1":{"start":{"line":2,"column":13},"end":{"line":2,"column":28}},"2":{"start":{"line":3,"column":12},"end":{"line":5,"column":9}},"3":{"start":{"line":7,"column":19},"end":{"line":7,"column":40}},"4":{"start":{"line":9,"column":29},"end":{"line":31,"column":1}},"5":{"start":{"line":10,"column":2},"end":{"line":13,"column":3}},"6":{"start":{"line":12,"column":4},"end":{"line":12,"column":18}},"7":{"start":{"line":14,"column":2},"end":{"line":27,"column":3}},"8":{"start":{"line":15,"column":24},"end":{"line":15,"column":49}},"9":{"start":{"line":16,"column":16},"end":{"line":16,"column":43}},"10":{"start":{"line":19,"column":4},"end":{"line":23,"column":5}},"11":{"start":{"line":20,"column":6},"end":{"line":20,"column":46}},"12":{"start":{"line":22,"column":6},"end":{"line":22,"column":64}},"13":{"start":{"line":25,"column":4},"end":{"line":25,"column":27}},"14":{"start":{"line":26,"column":4},"end":{"line":26,"column":18}},"15":{"start":{"line":30,"column":2},"end":{"line":30,"column":40}},"16":{"start":{"line":33,"column":18},"end":{"line":55,"column":1}},"17":{"start":{"line":34,"column":2},"end":{"line":37,"column":3}},"18":{"start":{"line":36,"column":4},"end":{"line":36,"column":18}},"19":{"start":{"line":38,"column":2},"end":{"line":52,"column":3}},"20":{"start":{"line":39,"column":24},"end":{"line":39,"column":49}},"21":{"start":{"line":40,"column":16},"end":{"line":40,"column":43}},"22":{"start":{"line":43,"column":4},"end":{"line":47,"column":5}},"23":{"start":{"line":44,"column":6},"end":{"line":44,"column":46}},"24":{"start":{"line":46,"column":6},"end":{"line":46,"column":64}},"25":{"start":{"line":49,"column":4},"end":{"line":49,"column":27}},"26":{"start":{"line":51,"column":4},"end":{"line":51,"column":18}},"27":{"start":{"line":54,"column":2},"end":{"line":54,"column":37}},"28":{"start":{"line":57,"column":0},"end":{"line":60,"column":2}}},"fnMap":{"0":{"name":"(anonymous_0)","decl":{"start":{"line":9,"column":29},"end":{"line":9,"column":30}},"loc":{"start":{"line":9,"column":49},"end":{"line":31,"column":1}},"line":9},"1":{"name":"(anonymous_1)","decl":{"start":{"line":33,"column":18},"end":{"line":33,"column":19}},"loc":{"start":{"line":33,"column":38},"end":{"line":55,"column":1}},"line":33}},"branchMap":{"0":{"loc":{"start":{"line":10,"column":2},"end":{"line":13,"column":3}},"type":"if","locations":[{"start":{"line":10,"column":2},"end":{"line":13,"column":3}},{"start":{},"end":{}}],"line":10},"1":{"loc":{"start":{"line":14,"column":2},"end":{"line":27,"column":3}},"type":"if","locations":[{"start":{"line":14,"column":2},"end":{"line":27,"column":3}},{"start":{},"end":{}}],"line":14},"2":{"loc":{"start":{"line":34,"column":2},"end":{"line":37,"column":3}},"type":"if","locations":[{"start":{"line":34,"column":2},"end":{"line":37,"column":3}},{"start":{},"end":{}}],"line":34},"3":{"loc":{"start":{"line":38,"column":2},"end":{"line":52,"column":3}},"type":"if","locations":[{"start":{"line":38,"column":2},"end":{"line":52,"column":3}},{"start":{},"end":{}}],"line":38}},"s":{"0":1,"1":1,"2":1,"3":1,"4":1,"5":61,"6":0,"7":61,"8":46,"9":46,"10":46,"11":46,"12":1,"13":45,"14":45,"15":15,"16":1,"17":4,"18":0,"19":4,"20":3,"21":3,"22":3,"23":3,"24":1,"25":2,"26":2,"27":1,"28":1},"f":{"0":61,"1":4},"b":{"0":[0,61],"1":[46,15],"2":[0,4],"3":[3,1]},"_coverageSchema":"1a1c01bbd47fc00a2c39e90264f33305004495a9","hash":"cb0dfc68d91d3cc6f615fa25f2426bce763f7874"}
,"/home/javier/softwareBuilders/express/javier_gomez_proyecto_final/src/middlewares/checkIfIsAdmin.js": {"path":"/home/javier/softwareBuilders/express/javier_gomez_proyecto_final/src/middlewares/checkIfIsAdmin.js","statementMap":{"0":{"start":{"line":1,"column":23},"end":{"line":14,"column":1}},"1":{"start":{"line":3,"column":2},"end":{"line":7,"column":3}},"2":{"start":{"line":4,"column":4},"end":{"line":4,"column":32}},"3":{"start":{"line":5,"column":9},"end":{"line":7,"column":3}},"4":{"start":{"line":6,"column":4},"end":{"line":6,"column":23}},"5":{"start":{"line":9,"column":2},"end":{"line":13,"column":3}},"6":{"start":{"line":10,"column":4},"end":{"line":10,"column":11}},"7":{"start":{"line":12,"column":4},"end":{"line":12,"column":86}},"8":{"start":{"line":16,"column":24},"end":{"line":30,"column":1}},"9":{"start":{"line":18,"column":2},"end":{"line":22,"column":3}},"10":{"start":{"line":19,"column":4},"end":{"line":19,"column":32}},"11":{"start":{"line":20,"column":9},"end":{"line":22,"column":3}},"12":{"start":{"line":21,"column":4},"end":{"line":21,"column":23}},"13":{"start":{"line":23,"column":2},"end":{"line":23,"column":26}},"14":{"start":{"line":25,"column":2},"end":{"line":29,"column":3}},"15":{"start":{"line":26,"column":4},"end":{"line":26,"column":39}},"16":{"start":{"line":28,"column":4},"end":{"line":28,"column":11}},"17":{"start":{"line":33,"column":0},"end":{"line":36,"column":2}}},"fnMap":{"0":{"name":"(anonymous_0)","decl":{"start":{"line":1,"column":23},"end":{"line":1,"column":24}},"loc":{"start":{"line":1,"column":43},"end":{"line":14,"column":1}},"line":1},"1":{"name":"(anonymous_1)","decl":{"start":{"line":16,"column":24},"end":{"line":16,"column":25}},"loc":{"start":{"line":16,"column":44},"end":{"line":30,"column":1}},"line":16}},"branchMap":{"0":{"loc":{"start":{"line":3,"column":2},"end":{"line":7,"column":3}},"type":"if","locations":[{"start":{"line":3,"column":2},"end":{"line":7,"column":3}},{"start":{"line":5,"column":9},"end":{"line":7,"column":3}}],"line":3},"1":{"loc":{"start":{"line":5,"column":9},"end":{"line":7,"column":3}},"type":"if","locations":[{"start":{"line":5,"column":9},"end":{"line":7,"column":3}},{"start":{},"end":{}}],"line":5},"2":{"loc":{"start":{"line":9,"column":2},"end":{"line":13,"column":3}},"type":"if","locations":[{"start":{"line":9,"column":2},"end":{"line":13,"column":3}},{"start":{"line":11,"column":9},"end":{"line":13,"column":3}}],"line":9},"3":{"loc":{"start":{"line":9,"column":6},"end":{"line":9,"column":47}},"type":"binary-expr","locations":[{"start":{"line":9,"column":6},"end":{"line":9,"column":14}},{"start":{"line":9,"column":18},"end":{"line":9,"column":47}}],"line":9},"4":{"loc":{"start":{"line":18,"column":2},"end":{"line":22,"column":3}},"type":"if","locations":[{"start":{"line":18,"column":2},"end":{"line":22,"column":3}},{"start":{"line":20,"column":9},"end":{"line":22,"column":3}}],"line":18},"5":{"loc":{"start":{"line":20,"column":9},"end":{"line":22,"column":3}},"type":"if","locations":[{"start":{"line":20,"column":9},"end":{"line":22,"column":3}},{"start":{},"end":{}}],"line":20},"6":{"loc":{"start":{"line":25,"column":2},"end":{"line":29,"column":3}},"type":"if","locations":[{"start":{"line":25,"column":2},"end":{"line":29,"column":3}},{"start":{"line":27,"column":9},"end":{"line":29,"column":3}}],"line":25},"7":{"loc":{"start":{"line":25,"column":6},"end":{"line":25,"column":47}},"type":"binary-expr","locations":[{"start":{"line":25,"column":6},"end":{"line":25,"column":14}},{"start":{"line":25,"column":18},"end":{"line":25,"column":47}}],"line":25}},"s":{"0":1,"1":2,"2":0,"3":2,"4":2,"5":2,"6":1,"7":1,"8":1,"9":2,"10":0,"11":2,"12":2,"13":2,"14":2,"15":1,"16":1,"17":1},"f":{"0":2,"1":2},"b":{"0":[0,2],"1":[2,0],"2":[1,1],"3":[2,2],"4":[0,2],"5":[2,0],"6":[1,1],"7":[2,2]},"_coverageSchema":"1a1c01bbd47fc00a2c39e90264f33305004495a9","hash":"1567067bc4009ac3a4136face12b32ea405461ff"}
,"/home/javier/softwareBuilders/express/javier_gomez_proyecto_final/src/repositories/studentRepository.js": {"path":"/home/javier/softwareBuilders/express/javier_gomez_proyecto_final/src/repositories/studentRepository.js","statementMap":{"0":{"start":{"line":1,"column":11},"end":{"line":1,"column":34}},"1":{"start":{"line":3,"column":23},"end":{"line":11,"column":1}},"2":{"start":{"line":4,"column":2},"end":{"line":10,"column":3}},"3":{"start":{"line":5,"column":24},"end":{"line":5,"column":51}},"4":{"start":{"line":7,"column":4},"end":{"line":7,"column":23}},"5":{"start":{"line":9,"column":4},"end":{"line":9,"column":80}},"6":{"start":{"line":13,"column":23},"end":{"line":24,"column":1}},"7":{"start":{"line":14,"column":2},"end":{"line":23,"column":3}},"8":{"start":{"line":15,"column":24},"end":{"line":15,"column":79}},"9":{"start":{"line":17,"column":4},"end":{"line":17,"column":23}},"10":{"start":{"line":19,"column":4},"end":{"line":22,"column":6}},"11":{"start":{"line":26,"column":25},"end":{"line":36,"column":1}},"12":{"start":{"line":27,"column":2},"end":{"line":35,"column":3}},"13":{"start":{"line":28,"column":23},"end":{"line":28,"column":60}},"14":{"start":{"line":29,"column":4},"end":{"line":29,"column":22}},"15":{"start":{"line":31,"column":4},"end":{"line":34,"column":6}},"16":{"start":{"line":38,"column":22},"end":{"line":48,"column":1}},"17":{"start":{"line":39,"column":2},"end":{"line":47,"column":3}},"18":{"start":{"line":40,"column":4},"end":{"line":40,"column":72}},"19":{"start":{"line":41,"column":27},"end":{"line":43,"column":6}},"20":{"start":{"line":44,"column":4},"end":{"line":44,"column":26}},"21":{"start":{"line":46,"column":4},"end":{"line":46,"column":76}},"22":{"start":{"line":50,"column":22},"end":{"line":57,"column":1}},"23":{"start":{"line":51,"column":2},"end":{"line":56,"column":3}},"24":{"start":{"line":52,"column":4},"end":{"line":52,"column":60}},"25":{"start":{"line":53,"column":4},"end":{"line":53,"column":74}},"26":{"start":{"line":55,"column":4},"end":{"line":55,"column":76}},"27":{"start":{"line":59,"column":30},"end":{"line":71,"column":1}},"28":{"start":{"line":60,"column":2},"end":{"line":70,"column":3}},"29":{"start":{"line":61,"column":31},"end":{"line":63,"column":6}},"30":{"start":{"line":64,"column":4},"end":{"line":64,"column":30}},"31":{"start":{"line":66,"column":4},"end":{"line":69,"column":6}},"32":{"start":{"line":73,"column":38},"end":{"line":86,"column":1}},"33":{"start":{"line":74,"column":2},"end":{"line":85,"column":3}},"34":{"start":{"line":75,"column":31},"end":{"line":78,"column":6}},"35":{"start":{"line":79,"column":4},"end":{"line":79,"column":30}},"36":{"start":{"line":81,"column":4},"end":{"line":84,"column":6}},"37":{"start":{"line":88,"column":24},"end":{"line":100,"column":1}},"38":{"start":{"line":89,"column":2},"end":{"line":99,"column":3}},"39":{"start":{"line":90,"column":25},"end":{"line":92,"column":6}},"40":{"start":{"line":93,"column":4},"end":{"line":93,"column":24}},"41":{"start":{"line":95,"column":4},"end":{"line":98,"column":6}},"42":{"start":{"line":102,"column":0},"end":{"line":111,"column":2}}},"fnMap":{"0":{"name":"(anonymous_0)","decl":{"start":{"line":3,"column":23},"end":{"line":3,"column":24}},"loc":{"start":{"line":3,"column":35},"end":{"line":11,"column":1}},"line":3},"1":{"name":"(anonymous_1)","decl":{"start":{"line":13,"column":23},"end":{"line":13,"column":24}},"loc":{"start":{"line":13,"column":44},"end":{"line":24,"column":1}},"line":13},"2":{"name":"(anonymous_2)","decl":{"start":{"line":26,"column":25},"end":{"line":26,"column":26}},"loc":{"start":{"line":26,"column":48},"end":{"line":36,"column":1}},"line":26},"3":{"name":"(anonymous_3)","decl":{"start":{"line":38,"column":22},"end":{"line":38,"column":23}},"loc":{"start":{"line":38,"column":56},"end":{"line":48,"column":1}},"line":38},"4":{"name":"(anonymous_4)","decl":{"start":{"line":50,"column":22},"end":{"line":50,"column":23}},"loc":{"start":{"line":50,"column":43},"end":{"line":57,"column":1}},"line":50},"5":{"name":"(anonymous_5)","decl":{"start":{"line":59,"column":30},"end":{"line":59,"column":31}},"loc":{"start":{"line":59,"column":51},"end":{"line":71,"column":1}},"line":59},"6":{"name":"(anonymous_6)","decl":{"start":{"line":73,"column":38},"end":{"line":73,"column":39}},"loc":{"start":{"line":73,"column":59},"end":{"line":86,"column":1}},"line":73},"7":{"name":"(anonymous_7)","decl":{"start":{"line":88,"column":24},"end":{"line":88,"column":25}},"loc":{"start":{"line":88,"column":47},"end":{"line":100,"column":1}},"line":88}},"branchMap":{},"s":{"0":1,"1":1,"2":1,"3":1,"4":1,"5":0,"6":1,"7":6,"8":6,"9":6,"10":0,"11":1,"12":1,"13":1,"14":1,"15":0,"16":1,"17":1,"18":1,"19":1,"20":1,"21":0,"22":1,"23":1,"24":1,"25":1,"26":0,"27":1,"28":1,"29":1,"30":1,"31":0,"32":1,"33":2,"34":2,"35":2,"36":0,"37":1,"38":3,"39":3,"40":3,"41":0,"42":1},"f":{"0":1,"1":6,"2":1,"3":1,"4":1,"5":1,"6":2,"7":3},"b":{},"_coverageSchema":"1a1c01bbd47fc00a2c39e90264f33305004495a9","hash":"e763a73e843f43549a62ed289c5958a50feeb619"}
,"/home/javier/softwareBuilders/express/javier_gomez_proyecto_final/src/repositories/teacherRepository.js": {"path":"/home/javier/softwareBuilders/express/javier_gomez_proyecto_final/src/repositories/teacherRepository.js","statementMap":{"0":{"start":{"line":1,"column":11},"end":{"line":1,"column":34}},"1":{"start":{"line":3,"column":23},"end":{"line":15,"column":1}},"2":{"start":{"line":4,"column":2},"end":{"line":14,"column":3}},"3":{"start":{"line":5,"column":24},"end":{"line":5,"column":51}},"4":{"start":{"line":7,"column":4},"end":{"line":7,"column":23}},"5":{"start":{"line":9,"column":4},"end":{"line":9,"column":23}},"6":{"start":{"line":10,"column":4},"end":{"line":13,"column":6}},"7":{"start":{"line":17,"column":23},"end":{"line":29,"column":1}},"8":{"start":{"line":18,"column":2},"end":{"line":28,"column":3}},"9":{"start":{"line":19,"column":24},"end":{"line":19,"column":79}},"10":{"start":{"line":21,"column":4},"end":{"line":21,"column":23}},"11":{"start":{"line":23,"column":4},"end":{"line":23,"column":23}},"12":{"start":{"line":24,"column":4},"end":{"line":27,"column":6}},"13":{"start":{"line":31,"column":25},"end":{"line":43,"column":1}},"14":{"start":{"line":32,"column":2},"end":{"line":42,"column":3}},"15":{"start":{"line":33,"column":23},"end":{"line":33,"column":60}},"16":{"start":{"line":35,"column":4},"end":{"line":35,"column":22}},"17":{"start":{"line":37,"column":4},"end":{"line":37,"column":23}},"18":{"start":{"line":38,"column":4},"end":{"line":41,"column":6}},"19":{"start":{"line":45,"column":22},"end":{"line":56,"column":1}},"20":{"start":{"line":46,"column":2},"end":{"line":55,"column":3}},"21":{"start":{"line":47,"column":4},"end":{"line":47,"column":72}},"22":{"start":{"line":48,"column":4},"end":{"line":48,"column":11}},"23":{"start":{"line":50,"column":4},"end":{"line":50,"column":23}},"24":{"start":{"line":51,"column":4},"end":{"line":54,"column":6}},"25":{"start":{"line":58,"column":22},"end":{"line":70,"column":1}},"26":{"start":{"line":59,"column":2},"end":{"line":69,"column":3}},"27":{"start":{"line":60,"column":4},"end":{"line":60,"column":60}},"28":{"start":{"line":62,"column":4},"end":{"line":62,"column":74}},"29":{"start":{"line":64,"column":4},"end":{"line":64,"column":23}},"30":{"start":{"line":65,"column":4},"end":{"line":68,"column":6}},"31":{"start":{"line":72,"column":27},"end":{"line":86,"column":1}},"32":{"start":{"line":73,"column":2},"end":{"line":85,"column":3}},"33":{"start":{"line":74,"column":28},"end":{"line":76,"column":6}},"34":{"start":{"line":77,"column":4},"end":{"line":77,"column":27}},"35":{"start":{"line":79,"column":4},"end":{"line":79,"column":23}},"36":{"start":{"line":80,"column":4},"end":{"line":84,"column":6}},"37":{"start":{"line":88,"column":24},"end":{"line":101,"column":1}},"38":{"start":{"line":89,"column":2},"end":{"line":100,"column":3}},"39":{"start":{"line":90,"column":25},"end":{"line":92,"column":6}},"40":{"start":{"line":93,"column":4},"end":{"line":93,"column":24}},"41":{"start":{"line":95,"column":4},"end":{"line":95,"column":23}},"42":{"start":{"line":96,"column":4},"end":{"line":99,"column":6}},"43":{"start":{"line":103,"column":0},"end":{"line":111,"column":2}}},"fnMap":{"0":{"name":"(anonymous_0)","decl":{"start":{"line":3,"column":23},"end":{"line":3,"column":24}},"loc":{"start":{"line":3,"column":35},"end":{"line":15,"column":1}},"line":3},"1":{"name":"(anonymous_1)","decl":{"start":{"line":17,"column":23},"end":{"line":17,"column":24}},"loc":{"start":{"line":17,"column":44},"end":{"line":29,"column":1}},"line":17},"2":{"name":"(anonymous_2)","decl":{"start":{"line":31,"column":25},"end":{"line":31,"column":26}},"loc":{"start":{"line":31,"column":48},"end":{"line":43,"column":1}},"line":31},"3":{"name":"(anonymous_3)","decl":{"start":{"line":45,"column":22},"end":{"line":45,"column":23}},"loc":{"start":{"line":45,"column":56},"end":{"line":56,"column":1}},"line":45},"4":{"name":"(anonymous_4)","decl":{"start":{"line":58,"column":22},"end":{"line":58,"column":23}},"loc":{"start":{"line":58,"column":43},"end":{"line":70,"column":1}},"line":58},"5":{"name":"(anonymous_5)","decl":{"start":{"line":72,"column":27},"end":{"line":72,"column":28}},"loc":{"start":{"line":72,"column":45},"end":{"line":86,"column":1}},"line":72},"6":{"name":"(anonymous_6)","decl":{"start":{"line":88,"column":24},"end":{"line":88,"column":25}},"loc":{"start":{"line":88,"column":47},"end":{"line":101,"column":1}},"line":88}},"branchMap":{},"s":{"0":1,"1":1,"2":1,"3":1,"4":1,"5":0,"6":0,"7":1,"8":11,"9":11,"10":11,"11":0,"12":0,"13":1,"14":2,"15":2,"16":2,"17":0,"18":0,"19":1,"20":1,"21":1,"22":1,"23":0,"24":0,"25":1,"26":1,"27":1,"28":1,"29":0,"30":0,"31":1,"32":4,"33":4,"34":4,"35":0,"36":0,"37":1,"38":6,"39":6,"40":6,"41":0,"42":0,"43":1},"f":{"0":1,"1":11,"2":2,"3":1,"4":1,"5":4,"6":6},"b":{},"_coverageSchema":"1a1c01bbd47fc00a2c39e90264f33305004495a9","hash":"bba319b7e3f8290d6121bc09f2b2dcb53df3375d"}
,"/home/javier/softwareBuilders/express/javier_gomez_proyecto_final/src/repositories/userRepository.js": {"path":"/home/javier/softwareBuilders/express/javier_gomez_proyecto_final/src/repositories/userRepository.js","statementMap":{"0":{"start":{"line":1,"column":11},"end":{"line":1,"column":34}},"1":{"start":{"line":3,"column":20},"end":{"line":15,"column":1}},"2":{"start":{"line":4,"column":2},"end":{"line":14,"column":3}},"3":{"start":{"line":5,"column":21},"end":{"line":5,"column":45}},"4":{"start":{"line":7,"column":4},"end":{"line":7,"column":20}},"5":{"start":{"line":9,"column":4},"end":{"line":9,"column":23}},"6":{"start":{"line":10,"column":4},"end":{"line":13,"column":6}},"7":{"start":{"line":17,"column":20},"end":{"line":29,"column":1}},"8":{"start":{"line":18,"column":2},"end":{"line":28,"column":3}},"9":{"start":{"line":19,"column":21},"end":{"line":19,"column":70}},"10":{"start":{"line":21,"column":4},"end":{"line":21,"column":20}},"11":{"start":{"line":23,"column":4},"end":{"line":23,"column":23}},"12":{"start":{"line":24,"column":4},"end":{"line":27,"column":6}},"13":{"start":{"line":31,"column":23},"end":{"line":46,"column":1}},"14":{"start":{"line":32,"column":2},"end":{"line":45,"column":3}},"15":{"start":{"line":34,"column":24},"end":{"line":36,"column":6}},"16":{"start":{"line":38,"column":4},"end":{"line":38,"column":23}},"17":{"start":{"line":40,"column":4},"end":{"line":40,"column":23}},"18":{"start":{"line":41,"column":4},"end":{"line":44,"column":6}},"19":{"start":{"line":48,"column":22},"end":{"line":59,"column":1}},"20":{"start":{"line":49,"column":2},"end":{"line":58,"column":3}},"21":{"start":{"line":50,"column":20},"end":{"line":50,"column":51}},"22":{"start":{"line":51,"column":4},"end":{"line":51,"column":19}},"23":{"start":{"line":53,"column":4},"end":{"line":53,"column":23}},"24":{"start":{"line":54,"column":4},"end":{"line":57,"column":6}},"25":{"start":{"line":61,"column":19},"end":{"line":73,"column":1}},"26":{"start":{"line":62,"column":2},"end":{"line":72,"column":3}},"27":{"start":{"line":63,"column":4},"end":{"line":63,"column":63}},"28":{"start":{"line":64,"column":24},"end":{"line":64,"column":73}},"29":{"start":{"line":65,"column":4},"end":{"line":65,"column":23}},"30":{"start":{"line":67,"column":4},"end":{"line":67,"column":23}},"31":{"start":{"line":68,"column":4},"end":{"line":71,"column":6}},"32":{"start":{"line":75,"column":19},"end":{"line":85,"column":1}},"33":{"start":{"line":76,"column":2},"end":{"line":84,"column":3}},"34":{"start":{"line":77,"column":4},"end":{"line":77,"column":54}},"35":{"start":{"line":78,"column":4},"end":{"line":78,"column":52}},"36":{"start":{"line":80,"column":4},"end":{"line":83,"column":6}},"37":{"start":{"line":87,"column":0},"end":{"line":94,"column":2}}},"fnMap":{"0":{"name":"(anonymous_0)","decl":{"start":{"line":3,"column":20},"end":{"line":3,"column":21}},"loc":{"start":{"line":3,"column":32},"end":{"line":15,"column":1}},"line":3},"1":{"name":"(anonymous_1)","decl":{"start":{"line":17,"column":20},"end":{"line":17,"column":21}},"loc":{"start":{"line":17,"column":38},"end":{"line":29,"column":1}},"line":17},"2":{"name":"(anonymous_2)","decl":{"start":{"line":31,"column":23},"end":{"line":31,"column":24}},"loc":{"start":{"line":31,"column":43},"end":{"line":46,"column":1}},"line":31},"3":{"name":"(anonymous_3)","decl":{"start":{"line":48,"column":22},"end":{"line":48,"column":23}},"loc":{"start":{"line":48,"column":42},"end":{"line":59,"column":1}},"line":48},"4":{"name":"(anonymous_4)","decl":{"start":{"line":61,"column":19},"end":{"line":61,"column":20}},"loc":{"start":{"line":61,"column":47},"end":{"line":73,"column":1}},"line":61},"5":{"name":"(anonymous_5)","decl":{"start":{"line":75,"column":19},"end":{"line":75,"column":20}},"loc":{"start":{"line":75,"column":37},"end":{"line":85,"column":1}},"line":75}},"branchMap":{},"s":{"0":1,"1":1,"2":2,"3":2,"4":2,"5":0,"6":0,"7":1,"8":15,"9":15,"10":15,"11":0,"12":0,"13":1,"14":22,"15":22,"16":22,"17":0,"18":0,"19":1,"20":3,"21":3,"22":3,"23":0,"24":0,"25":1,"26":2,"27":2,"28":2,"29":2,"30":0,"31":0,"32":1,"33":2,"34":2,"35":2,"36":0,"37":1},"f":{"0":2,"1":15,"2":22,"3":3,"4":2,"5":2},"b":{},"_coverageSchema":"1a1c01bbd47fc00a2c39e90264f33305004495a9","hash":"c35d3587279be3acbd5d215f99c56cd52e5dd315"}
,"/home/javier/softwareBuilders/express/javier_gomez_proyecto_final/src/routes/adminRoutes.js": {"path":"/home/javier/softwareBuilders/express/javier_gomez_proyecto_final/src/routes/adminRoutes.js","statementMap":{"0":{"start":{"line":1,"column":16},"end":{"line":1,"column":34}},"1":{"start":{"line":2,"column":15},"end":{"line":2,"column":31}},"2":{"start":{"line":3,"column":23},"end":{"line":3,"column":63}},"3":{"start":{"line":5,"column":0},"end":{"line":5,"column":49}},"4":{"start":{"line":6,"column":0},"end":{"line":6,"column":51}},"5":{"start":{"line":8,"column":0},"end":{"line":8,"column":24}}},"fnMap":{},"branchMap":{},"s":{"0":1,"1":1,"2":1,"3":1,"4":1,"5":1},"f":{},"b":{},"_coverageSchema":"1a1c01bbd47fc00a2c39e90264f33305004495a9","hash":"178d579b23317eff8a97e958eccf9b37e723249f"}
,"/home/javier/softwareBuilders/express/javier_gomez_proyecto_final/src/routes/loginRoutes.js": {"path":"/home/javier/softwareBuilders/express/javier_gomez_proyecto_final/src/routes/loginRoutes.js","statementMap":{"0":{"start":{"line":1,"column":16},"end":{"line":1,"column":34}},"1":{"start":{"line":2,"column":15},"end":{"line":2,"column":31}},"2":{"start":{"line":3,"column":24},"end":{"line":3,"column":65}},"3":{"start":{"line":4,"column":31},"end":{"line":4,"column":69}},"4":{"start":{"line":6,"column":0},"end":{"line":6,"column":52}},"5":{"start":{"line":7,"column":0},"end":{"line":7,"column":49}},"6":{"start":{"line":8,"column":0},"end":{"line":8,"column":47}},"7":{"start":{"line":9,"column":0},"end":{"line":9,"column":46}},"8":{"start":{"line":10,"column":0},"end":{"line":10,"column":54}},"9":{"start":{"line":11,"column":0},"end":{"line":11,"column":67}},"10":{"start":{"line":12,"column":0},"end":{"line":12,"column":24}}},"fnMap":{},"branchMap":{},"s":{"0":1,"1":1,"2":1,"3":1,"4":1,"5":1,"6":1,"7":1,"8":1,"9":1,"10":1},"f":{},"b":{},"_coverageSchema":"1a1c01bbd47fc00a2c39e90264f33305004495a9","hash":"80039917ac46232cb0e0a8e1d02e85301dba3bb8"}
,"/home/javier/softwareBuilders/express/javier_gomez_proyecto_final/src/routes/studentRoutes.js": {"path":"/home/javier/softwareBuilders/express/javier_gomez_proyecto_final/src/routes/studentRoutes.js","statementMap":{"0":{"start":{"line":1,"column":16},"end":{"line":1,"column":34}},"1":{"start":{"line":2,"column":15},"end":{"line":2,"column":31}},"2":{"start":{"line":3,"column":26},"end":{"line":3,"column":69}},"3":{"start":{"line":4,"column":35},"end":{"line":4,"column":76}},"4":{"start":{"line":6,"column":0},"end":{"line":6,"column":50}},"5":{"start":{"line":7,"column":0},"end":{"line":7,"column":53}},"6":{"start":{"line":8,"column":0},"end":{"line":8,"column":77}},"7":{"start":{"line":9,"column":0},"end":{"line":9,"column":76}},"8":{"start":{"line":10,"column":0},"end":{"line":10,"column":55}},"9":{"start":{"line":12,"column":0},"end":{"line":12,"column":24}}},"fnMap":{},"branchMap":{},"s":{"0":1,"1":1,"2":1,"3":1,"4":1,"5":1,"6":1,"7":1,"8":1,"9":1},"f":{},"b":{},"_coverageSchema":"1a1c01bbd47fc00a2c39e90264f33305004495a9","hash":"bc3187602b4e6b6d9a39e7462cb24cf76fffc1ad"}
,"/home/javier/softwareBuilders/express/javier_gomez_proyecto_final/src/routes/teacherRoutes.js": {"path":"/home/javier/softwareBuilders/express/javier_gomez_proyecto_final/src/routes/teacherRoutes.js","statementMap":{"0":{"start":{"line":1,"column":16},"end":{"line":1,"column":34}},"1":{"start":{"line":2,"column":15},"end":{"line":2,"column":31}},"2":{"start":{"line":3,"column":26},"end":{"line":3,"column":69}},"3":{"start":{"line":4,"column":35},"end":{"line":4,"column":76}},"4":{"start":{"line":6,"column":0},"end":{"line":6,"column":50}},"5":{"start":{"line":7,"column":0},"end":{"line":7,"column":53}},"6":{"start":{"line":8,"column":0},"end":{"line":8,"column":77}},"7":{"start":{"line":9,"column":0},"end":{"line":9,"column":76}},"8":{"start":{"line":10,"column":0},"end":{"line":10,"column":55}},"9":{"start":{"line":11,"column":0},"end":{"line":11,"column":94}},"10":{"start":{"line":13,"column":0},"end":{"line":13,"column":24}}},"fnMap":{},"branchMap":{},"s":{"0":1,"1":1,"2":1,"3":1,"4":1,"5":1,"6":1,"7":1,"8":1,"9":1,"10":1},"f":{},"b":{},"_coverageSchema":"1a1c01bbd47fc00a2c39e90264f33305004495a9","hash":"306876afdae1f171f0e72cdef5da500b4205dc60"}
,"/home/javier/softwareBuilders/express/javier_gomez_proyecto_final/src/routes/userRoutes.js": {"path":"/home/javier/softwareBuilders/express/javier_gomez_proyecto_final/src/routes/userRoutes.js","statementMap":{"0":{"start":{"line":1,"column":16},"end":{"line":1,"column":34}},"1":{"start":{"line":2,"column":15},"end":{"line":2,"column":31}},"2":{"start":{"line":3,"column":23},"end":{"line":3,"column":63}},"3":{"start":{"line":4,"column":32},"end":{"line":4,"column":70}},"4":{"start":{"line":6,"column":0},"end":{"line":6,"column":44}},"5":{"start":{"line":7,"column":0},"end":{"line":7,"column":47}},"6":{"start":{"line":8,"column":0},"end":{"line":8,"column":68}},"7":{"start":{"line":9,"column":0},"end":{"line":9,"column":67}},"8":{"start":{"line":10,"column":0},"end":{"line":10,"column":49}},"9":{"start":{"line":11,"column":0},"end":{"line":11,"column":68}},"10":{"start":{"line":12,"column":0},"end":{"line":12,"column":58}},"11":{"start":{"line":15,"column":0},"end":{"line":15,"column":24}}},"fnMap":{},"branchMap":{},"s":{"0":1,"1":1,"2":1,"3":1,"4":1,"5":1,"6":1,"7":1,"8":1,"9":1,"10":1,"11":1},"f":{},"b":{},"_coverageSchema":"1a1c01bbd47fc00a2c39e90264f33305004495a9","hash":"9ebcaa5821f4089356535f18d36a5e61bcf7f0d6"}
,"/home/javier/softwareBuilders/express/javier_gomez_proyecto_final/src/services/authorizationService.js": {"path":"/home/javier/softwareBuilders/express/javier_gomez_proyecto_final/src/services/authorizationService.js","statementMap":{"0":{"start":{"line":2,"column":12},"end":{"line":2,"column":35}},"1":{"start":{"line":3,"column":13},"end":{"line":3,"column":28}},"2":{"start":{"line":4,"column":12},"end":{"line":6,"column":9}},"3":{"start":{"line":8,"column":19},"end":{"line":8,"column":40}},"4":{"start":{"line":10,"column":18},"end":{"line":13,"column":1}},"5":{"start":{"line":11,"column":16},"end":{"line":11,"column":81}},"6":{"start":{"line":12,"column":2},"end":{"line":12,"column":15}},"7":{"start":{"line":15,"column":19},"end":{"line":18,"column":1}},"8":{"start":{"line":16,"column":16},"end":{"line":16,"column":74}},"9":{"start":{"line":17,"column":2},"end":{"line":17,"column":15}},"10":{"start":{"line":20,"column":19},"end":{"line":25,"column":1}},"11":{"start":{"line":21,"column":2},"end":{"line":21,"column":34}},"12":{"start":{"line":22,"column":2},"end":{"line":22,"column":35}},"13":{"start":{"line":23,"column":2},"end":{"line":23,"column":29}},"14":{"start":{"line":24,"column":2},"end":{"line":24,"column":8}},"15":{"start":{"line":27,"column":22},"end":{"line":32,"column":1}},"16":{"start":{"line":28,"column":2},"end":{"line":28,"column":34}},"17":{"start":{"line":29,"column":2},"end":{"line":29,"column":26}},"18":{"start":{"line":30,"column":2},"end":{"line":30,"column":33}},"19":{"start":{"line":31,"column":2},"end":{"line":31,"column":8}},"20":{"start":{"line":34,"column":0},"end":{"line":39,"column":2}}},"fnMap":{"0":{"name":"(anonymous_0)","decl":{"start":{"line":10,"column":18},"end":{"line":10,"column":19}},"loc":{"start":{"line":10,"column":37},"end":{"line":13,"column":1}},"line":10},"1":{"name":"(anonymous_1)","decl":{"start":{"line":15,"column":19},"end":{"line":15,"column":20}},"loc":{"start":{"line":15,"column":33},"end":{"line":18,"column":1}},"line":15},"2":{"name":"(anonymous_2)","decl":{"start":{"line":20,"column":19},"end":{"line":20,"column":20}},"loc":{"start":{"line":20,"column":43},"end":{"line":25,"column":1}},"line":20},"3":{"name":"(anonymous_3)","decl":{"start":{"line":27,"column":22},"end":{"line":27,"column":23}},"loc":{"start":{"line":27,"column":31},"end":{"line":32,"column":1}},"line":27}},"branchMap":{},"s":{"0":1,"1":1,"2":1,"3":1,"4":1,"5":11,"6":11,"7":1,"8":1,"9":1,"10":1,"11":11,"12":11,"13":11,"14":11,"15":1,"16":2,"17":2,"18":2,"19":2,"20":1},"f":{"0":11,"1":1,"2":11,"3":2},"b":{},"_coverageSchema":"1a1c01bbd47fc00a2c39e90264f33305004495a9","hash":"eafcf006ad7b37963022f9767ee41335e455073b"}
,"/home/javier/softwareBuilders/express/javier_gomez_proyecto_final/src/services/loginService.js": {"path":"/home/javier/softwareBuilders/express/javier_gomez_proyecto_final/src/services/loginService.js","statementMap":{"0":{"start":{"line":1,"column":23},"end":{"line":1,"column":64}},"1":{"start":{"line":2,"column":22},"end":{"line":2,"column":64}},"2":{"start":{"line":5,"column":18},"end":{"line":19,"column":1}},"3":{"start":{"line":7,"column":21},"end":{"line":7,"column":72}},"4":{"start":{"line":9,"column":2},"end":{"line":11,"column":3}},"5":{"start":{"line":10,"column":4},"end":{"line":10,"column":68}},"6":{"start":{"line":13,"column":24},"end":{"line":13,"column":100}},"7":{"start":{"line":15,"column":2},"end":{"line":17,"column":3}},"8":{"start":{"line":16,"column":4},"end":{"line":16,"column":67}},"9":{"start":{"line":18,"column":2},"end":{"line":18,"column":19}},"10":{"start":{"line":23,"column":0},"end":{"line":25,"column":1}}},"fnMap":{"0":{"name":"(anonymous_0)","decl":{"start":{"line":5,"column":18},"end":{"line":5,"column":19}},"loc":{"start":{"line":5,"column":38},"end":{"line":19,"column":1}},"line":5}},"branchMap":{"0":{"loc":{"start":{"line":9,"column":2},"end":{"line":11,"column":3}},"type":"if","locations":[{"start":{"line":9,"column":2},"end":{"line":11,"column":3}},{"start":{},"end":{}}],"line":9},"1":{"loc":{"start":{"line":15,"column":2},"end":{"line":17,"column":3}},"type":"if","locations":[{"start":{"line":15,"column":2},"end":{"line":17,"column":3}},{"start":{},"end":{}}],"line":15}},"s":{"0":1,"1":1,"2":1,"3":17,"4":17,"5":3,"6":14,"7":14,"8":2,"9":12,"10":1},"f":{"0":17},"b":{"0":[3,14],"1":[2,12]},"_coverageSchema":"1a1c01bbd47fc00a2c39e90264f33305004495a9","hash":"f5aa0a4b06c8714d292ffd6059b3c49decdebb35"}
,"/home/javier/softwareBuilders/express/javier_gomez_proyecto_final/src/services/studentService.js": {"path":"/home/javier/softwareBuilders/express/javier_gomez_proyecto_final/src/services/studentService.js","statementMap":{"0":{"start":{"line":1,"column":26},"end":{"line":1,"column":70}},"1":{"start":{"line":2,"column":26},"end":{"line":2,"column":70}},"2":{"start":{"line":4,"column":23},"end":{"line":12,"column":1}},"3":{"start":{"line":5,"column":22},"end":{"line":5,"column":62}},"4":{"start":{"line":7,"column":2},"end":{"line":9,"column":3}},"5":{"start":{"line":8,"column":4},"end":{"line":8,"column":56}},"6":{"start":{"line":11,"column":2},"end":{"line":11,"column":21}},"7":{"start":{"line":14,"column":23},"end":{"line":22,"column":1}},"8":{"start":{"line":15,"column":22},"end":{"line":15,"column":71}},"9":{"start":{"line":17,"column":2},"end":{"line":19,"column":3}},"10":{"start":{"line":18,"column":4},"end":{"line":18,"column":72}},"11":{"start":{"line":21,"column":2},"end":{"line":21,"column":21}},"12":{"start":{"line":24,"column":25},"end":{"line":47,"column":1}},"13":{"start":{"line":25,"column":23},"end":{"line":25,"column":75}},"14":{"start":{"line":27,"column":2},"end":{"line":32,"column":3}},"15":{"start":{"line":28,"column":4},"end":{"line":31,"column":6}},"16":{"start":{"line":34,"column":24},"end":{"line":36,"column":3}},"17":{"start":{"line":38,"column":2},"end":{"line":43,"column":3}},"18":{"start":{"line":39,"column":4},"end":{"line":42,"column":6}},"19":{"start":{"line":45,"column":21},"end":{"line":45,"column":74}},"20":{"start":{"line":46,"column":2},"end":{"line":46,"column":20}},"21":{"start":{"line":49,"column":22},"end":{"line":65,"column":1}},"22":{"start":{"line":50,"column":30},"end":{"line":50,"column":79}},"23":{"start":{"line":52,"column":2},"end":{"line":54,"column":3}},"24":{"start":{"line":53,"column":4},"end":{"line":53,"column":73}},"25":{"start":{"line":56,"column":2},"end":{"line":58,"column":3}},"26":{"start":{"line":57,"column":4},"end":{"line":57,"column":63}},"27":{"start":{"line":60,"column":25},"end":{"line":63,"column":3}},"28":{"start":{"line":64,"column":2},"end":{"line":64,"column":24}},"29":{"start":{"line":67,"column":22},"end":{"line":76,"column":1}},"30":{"start":{"line":68,"column":30},"end":{"line":68,"column":79}},"31":{"start":{"line":70,"column":2},"end":{"line":72,"column":3}},"32":{"start":{"line":71,"column":4},"end":{"line":71,"column":73}},"33":{"start":{"line":74,"column":25},"end":{"line":74,"column":73}},"34":{"start":{"line":75,"column":2},"end":{"line":75,"column":24}},"35":{"start":{"line":78,"column":0},"end":{"line":84,"column":2}}},"fnMap":{"0":{"name":"(anonymous_0)","decl":{"start":{"line":4,"column":23},"end":{"line":4,"column":24}},"loc":{"start":{"line":4,"column":35},"end":{"line":12,"column":1}},"line":4},"1":{"name":"(anonymous_1)","decl":{"start":{"line":14,"column":23},"end":{"line":14,"column":24}},"loc":{"start":{"line":14,"column":44},"end":{"line":22,"column":1}},"line":14},"2":{"name":"(anonymous_2)","decl":{"start":{"line":24,"column":25},"end":{"line":24,"column":26}},"loc":{"start":{"line":24,"column":48},"end":{"line":47,"column":1}},"line":24},"3":{"name":"(anonymous_3)","decl":{"start":{"line":49,"column":22},"end":{"line":49,"column":23}},"loc":{"start":{"line":49,"column":56},"end":{"line":65,"column":1}},"line":49},"4":{"name":"(anonymous_4)","decl":{"start":{"line":67,"column":2
[...]
column":30},"end":{"line":92,"column":79}},"45":{"start":{"line":94,"column":2},"end":{"line":96,"column":3}},"46":{"start":{"line":95,"column":4},"end":{"line":95,"column":73}},"47":{"start":{"line":98,"column":30},"end":{"line":100,"column":3}},"48":{"start":{"line":102,"column":2},"end":{"line":106,"column":3}},"49":{"start":{"line":103,"column":4},"end":{"line":103,"column":74}},"50":{"start":{"line":104,"column":9},"end":{"line":106,"column":3}},"51":{"start":{"line":105,"column":4},"end":{"line":105,"column":68}},"52":{"start":{"line":109,"column":4},"end":{"line":109,"column":68}},"53":{"start":{"line":111,"column":2},"end":{"line":116,"column":3}},"54":{"start":{"line":112,"column":4},"end":{"line":115,"column":6}},"55":{"start":{"line":118,"column":2},"end":{"line":118,"column":28}},"56":{"start":{"line":121,"column":38},"end":{"line":136,"column":1}},"57":{"start":{"line":122,"column":26},"end":{"line":122,"column":76}},"58":{"start":{"line":124,"column":2},"end":{"line":126,"column":3}},"59":{"start":{"line":125,"column":4},"end":{"line":125,"column":76}},"60":{"start":{"line":127,"column":23},"end":{"line":127,"column":38}},"61":{"start":{"line":129,"column":29},"end":{"line":129,"column":102}},"62":{"start":{"line":131,"column":23},"end":{"line":131,"column":76}},"63":{"start":{"line":131,"column":57},"end":{"line":131,"column":75}},"64":{"start":{"line":133,"column":32},"end":{"line":133,"column":77}},"65":{"start":{"line":135,"column":2},"end":{"line":135,"column":30}},"66":{"start":{"line":138,"column":37},"end":{"line":171,"column":1}},"67":{"start":{"line":139,"column":30},"end":{"line":141,"column":3}},"68":{"start":{"line":143,"column":2},"end":{"line":150,"column":3}},"69":{"start":{"line":144,"column":4},"end":{"line":144,"column":55}},"70":{"start":{"line":145,"column":4},"end":{"line":145,"column":60}},"71":{"start":{"line":146,"column":4},"end":{"line":149,"column":6}},"72":{"start":{"line":168,"column":21},"end":{"line":168,"column":74}},"73":{"start":{"line":170,"column":2},"end":{"line":170,"column":20}},"74":{"start":{"line":173,"column":0},"end":{"line":182,"column":2}}},"fnMap":{"0":{"name":"(anonymous_0)","decl":{"start":{"line":5,"column":23},"end":{"line":5,"column":24}},"loc":{"start":{"line":5,"column":35},"end":{"line":11,"column":1}},"line":5},"1":{"name":"(anonymous_1)","decl":{"start":{"line":13,"column":23},"end":{"line":13,"column":24}},"loc":{"start":{"line":13,"column":44},"end":{"line":21,"column":1}},"line":13},"2":{"name":"(anonymous_2)","decl":{"start":{"line":23,"column":25},"end":{"line":23,"column":26}},"loc":{"start":{"line":23,"column":48},"end":{"line":54,"column":1}},"line":23},"3":{"name":"(anonymous_3)","decl":{"start":{"line":56,"column":22},"end":{"line":56,"column":23}},"loc":{"start":{"line":56,"column":56},"end":{"line":69,"column":1}},"line":56},"4":{"name":"(anonymous_4)","decl":{"start":{"line":71,"column":22},"end":{"line":71,"column":23}},"loc":{"start":{"line":71,"column":43},"end":{"line":89,"column":1}},"line":71},"5":{"name":"(anonymous_5)","decl":{"start":{"line":91,"column":47},"end":{"line":91,"column":48}},"loc":{"start":{"line":91,"column":68},"end":{"line":119,"column":1}},"line":91},"6":{"name":"(anonymous_6)","decl":{"start":{"line":121,"column":38},"end":{"line":121,"column":39}},"loc":{"start":{"line":121,"column":56},"end":{"line":136,"column":1}},"line":121},"7":{"name":"(anonymous_7)","decl":{"start":{"line":131,"column":46},"end":{"line":131,"column":47}},"loc":{"start":{"line":131,"column":57},"end":{"line":131,"column":75}},"line":131},"8":{"name":"(anonymous_8)","decl":{"start":{"line":138,"column":37},"end":{"line":138,"column":38}},"loc":{"start":{"line":138,"column":60},"end":{"line":171,"column":1}},"line":138}},"branchMap":{"0":{"loc":{"start":{"line":7,"column":2},"end":{"line":9,"column":3}},"type":"if","locations":[{"start":{"line":7,"column":2},"end":{"line":9,"column":3}},{"start":{},"end":{}}],"line":7},"1":{"loc":{"start":{"line":7,"column":6},"end":{"line":7,"column":46}},"type":"binary-expr","locations":[{"start":{"line":7,"column":6},"end":{"line":7,"column":18}},{"start":{"line":7,"column":22},"end":{"line":7,"column":46}}],"line":7},"2":{"loc":{"start":{"line":16,"column":2},"end":{"line":18,"column":3}},"type":"if","locations":[{"start":{"line":16,"column":2},"end":{"line":18,"column":3}},{"start":{},"end":{}}],"line":16},"3":{"loc":{"start":{"line":28,"column":2},"end":{"line":33,"column":3}},"type":"if","locations":[{"start":{"line":28,"column":2},"end":{"line":33,"column":3}},{"start":{},"end":{}}],"line":28},"4":{"loc":{"start":{"line":37,"column":2},"end":{"line":39,"column":3}},"type":"if","locations":[{"start":{"line":37,"column":2},"end":{"line":39,"column":3}},{"start":{},"end":{}}],"line":37},"5":{"loc":{"start":{"line":44,"column":2},"end":{"line":49,"column":3}},"type":"if","locations":[{"start":{"line":44,"column":2},"end":{"line":49,"column":3}},{"start":{},"end":{}}],"line":44},"6":{"loc":{"start":{"line":59,"column":2},"end":{"line":61,"column":3}},"type":"if","locations":[{"start":{"line":59,"column":2},"end":{"line":61,"column":3}},{"start":{},"end":{}}],"line":59},"7":{"loc":{"start":{"line":63,"column":2},"end":{"line":65,"column":3}},"type":"if","locations":[{"start":{"line":63,"column":2},"end":{"line":65,"column":3}},{"start":{},"end":{}}],"line":63},"8":{"loc":{"start":{"line":74,"column":2},"end":{"line":76,"column":3}},"type":"if","locations":[{"start":{"line":74,"column":2},"end":{"line":76,"column":3}},{"start":{},"end":{}}],"line":74},"9":{"loc":{"start":{"line":80,"column":2},"end":{"line":85,"column":3}},"type":"if","locations":[{"start":{"line":80,"column":2},"end":{"line":85,"column":3}},{"start":{},"end":{}}],"line":80},"10":{"loc":{"start":{"line":94,"column":2},"end":{"line":96,"column":3}},"type":"if","locations":[{"start":{"line":94,"column":2},"end":{"line":96,"column":3}},{"start":{},"end":{}}],"line":94},"11":{"loc":{"start":{"line":102,"column":2},"end":{"line":106,"column":3}},"type":"if","locations":[{"start":{"line":102,"column":2},"end":{"line":106,"column":3}},{"start":{"line":104,"column":9},"end":{"line":106,"column":3}}],"line":102},"12":{"loc":{"start":{"line":104,"column":9},"end":{"line":106,"column":3}},"type":"if","locations":[{"start":{"line":104,"column":9},"end":{"line":106,"column":3}},{"start":{},"end":{}}],"line":104},"13":{"loc":{"start":{"line":111,"column":2},"end":{"line":116,"column":3}},"type":"if","locations":[{"start":{"line":111,"column":2},"end":{"line":116,"column":3}},{"start":{},"end":{}}],"line":111},"14":{"loc":{"start":{"line":111,"column":6},"end":{"line":111,"column":60}},"type":"binary-expr","locations":[{"start":{"line":111,"column":6},"end":{"line":111,"column":25}},{"start":{"line":111,"column":29},"end":{"line":111,"column":60}}],"line":111},"15":{"loc":{"start":{"line":124,"column":2},"end":{"line":126,"column":3}},"type":"if","locations":[{"start":{"line":124,"column":2},"end":{"line":126,"column":3}},{"start":{},"end":{}}],"line":124},"16":{"loc":{"start":{"line":143,"column":2},"end":{"line":150,"column":3}},"type":"if","locations":[{"start":{"line":143,"column":2},"end":{"line":150,"column":3}},{"start":{},"end":{}}],"line":143}},"s":{"0":1,"1":1,"2":1,"3":1,"4":1,"5":1,"6":0,"7":1,"8":1,"9":2,"10":2,"11":1,"12":1,"13":1,"14":4,"15":4,"16":1,"17":3,"18":3,"19":1,"20":2,"21":2,"22":1,"23":1,"24":1,"25":1,"26":2,"27":2,"28":1,"29":1,"30":0,"31":1,"32":1,"33":1,"34":1,"35":2,"36":2,"37":1,"38":1,"39":1,"40":0,"41":1,"42":1,"43":1,"44":2,"45":2,"46":1,"47":1,"48":1,"49":0,"50":1,"51":0,"52":1,"53":1,"54":0,"55":1,"56":1,"57":1,"58":1,"59":0,"60":1,"61":1,"62":1,"63":4,"64":1,"65":1,"66":1,"67":2,"68":2,"69":1,"70":1,"71":1,"72":1,"73":1,"74":1},"f":{"0":1,"1":2,"2":4,"3":2,"4":2,"5":2,"6":1,"7":4,"8":2},"b":{"0":[0,1],"1":[1,1],"2":[1,1],"3":[1,3],"4":[1,2],"5":[1,1],"6":[1,1],"7":[0,1],"8":[1,1],"9":[0,1],"10":[1,1],"11":[0,1],"12":[0,1],"13":[0,1],"14":[1,1],"15":[0,1],"16":[1,1]},"_coverageSchema":"1a1c01bbd47fc00a2c39e90264f33305004495a9","hash":"f1da7f3bc5c1cb300120194c598f03073c70c189"}
,"/home/javier/softwareBuilders/express/javier_gomez_proyecto_final/src/services/userService.js": {"path":"/home/javier/softwareBuilders/express/javier_gomez_proyecto_final/src/services/userService.js","statementMap":{"0":{"start":{"line":1,"column":23},"end":{"line":1,"column":64}},"1":{"start":{"line":2,"column":26},"end":{"line":2,"column":70}},"2":{"start":{"line":3,"column":22},"end":{"line":3,"column":64}},"3":{"start":{"line":5,"column":20},"end":{"line":11,"column":1}},"4":{"start":{"line":6,"column":19},"end":{"line":6,"column":53}},"5":{"start":{"line":7,"column":2},"end":{"line":9,"column":3}},"6":{"start":{"line":8,"column":4},"end":{"line":8,"column":53}},"7":{"start":{"line":10,"column":2},"end":{"line":10,"column":18}},"8":{"start":{"line":13,"column":20},"end":{"line":21,"column":1}},"9":{"start":{"line":14,"column":19},"end":{"line":14,"column":59}},"10":{"start":{"line":16,"column":2},"end":{"line":18,"column":3}},"11":{"start":{"line":17,"column":4},"end":{"line":17,"column":74}},"12":{"start":{"line":20,"column":2},"end":{"line":20,"column":18}},"13":{"start":{"line":23,"column":22},"end":{"line":38,"column":1}},"14":{"start":{"line":24,"column":30},"end":{"line":26,"column":3}},"15":{"start":{"line":28,"column":2},"end":{"line":33,"column":3}},"16":{"start":{"line":29,"column":4},"end":{"line":32,"column":6}},"17":{"start":{"line":34,"column":25},"end":{"line":34,"column":76}},"18":{"start":{"line":35,"column":28},"end":{"line":35,"column":77}},"19":{"start":{"line":36,"column":18},"end":{"line":36,"column":71}},"20":{"start":{"line":37,"column":2},"end":{"line":37,"column":17}},"21":{"start":{"line":40,"column":19},"end":{"line":48,"column":1}},"22":{"start":{"line":41,"column":19},"end":{"line":41,"column":59}},"23":{"start":{"line":42,"column":2},"end":{"line":44,"column":3}},"24":{"start":{"line":43,"column":4},"end":{"line":43,"column":65}},"25":{"start":{"line":46,"column":22},"end":{"line":46,"column":71}},"26":{"start":{"line":47,"column":2},"end":{"line":47,"column":21}},"27":{"start":{"line":50,"column":19},"end":{"line":67,"column":1}},"28":{"start":{"line":51,"column":15},"end":{"line":51,"column":55}},"29":{"start":{"line":53,"column":2},"end":{"line":55,"column":3}},"30":{"start":{"line":54,"column":4},"end":{"line":54,"column":74}},"31":{"start":{"line":57,"column":21},"end":{"line":57,"column":71}},"32":{"start":{"line":58,"column":2},"end":{"line":63,"column":3}},"33":{"start":{"line":59,"column":4},"end":{"line":62,"column":6}},"34":{"start":{"line":65,"column":22},"end":{"line":65,"column":61}},"35":{"start":{"line":66,"column":2},"end":{"line":66,"column":21}},"36":{"start":{"line":69,"column":33},"end":{"line":87,"column":1}},"37":{"start":{"line":70,"column":19},"end":{"line":70,"column":59}},"38":{"start":{"line":72,"column":2},"end":{"line":74,"column":3}},"39":{"start":{"line":73,"column":4},"end":{"line":73,"column":65}},"40":{"start":{"line":76,"column":2},"end":{"line":86,"column":3}},"41":{"start":{"line":77,"column":4},"end":{"line":77,"column":66}},"42":{"start":{"line":79,"column":21},"end":{"line":83,"column":5}},"43":{"start":{"line":84,"column":23},"end":{"line":84,"column":72}},"44":{"start":{"line":85,"column":4},"end":{"line":85,"column":70}},"45":{"start":{"line":89,"column":24},"end":{"line":96,"column":1}},"46":{"start":{"line":90,"column":19},"end":{"line":90,"column":59}},"47":{"start":{"line":91,"column":2},"end":{"line":93,"column":3}},"48":{"start":{"line":92,"column":4},"end":{"line":92,"column":65}},"49":{"start":{"line":94,"column":21},"end":{"line":94,"column":36}},"50":{"start":{"line":95,"column":2},"end":{"line":95,"column":20}},"51":{"start":{"line":98,"column":33},"end":{"line":114,"column":1}},"52":{"start":{"line":99,"column":30},"end":{"line":101,"column":3}},"53":{"start":{"line":103,"column":2},"end":{"line":108,"column":3}},"54":{"start":{"line":104,"column":4},"end":{"line":107,"column":6}},"55":{"start":{"line":109,"column":25},"end":{"line":109,"column":76}},"56":{"start":{"line":110,"column":28},"end":{"line":110,"column":94}},"57":{"start":{"line":111,"column":18},"end":{"line":111,"column":71}},"58":{"start":{"line":112,"column":2},"end":{"line":112,"column":29}},"59":{"start":{"line":113,"column":2},"end":{"line":113,"column":17}},"60":{"start":{"line":118,"column":0},"end":{"line":127,"column":2}}},"fnMap":{"0":{"name":"(anonymous_0)","decl":{"start":{"line":5,"column":20},"end":{"line":5,"column":21}},"loc":{"start":{"line":5,"column":32},"end":{"line":11,"column":1}},"line":5},"1":{"name":"(anonymous_1)","decl":{"start":{"line":13,"column":20},"end":{"line":13,"column":21}},"loc":{"start":{"line":13,"column":38},"end":{"line":21,"column":1}},"line":13},"2":{"name":"(anonymous_2)","decl":{"start":{"line":23,"column":22},"end":{"line":23,"column":23}},"loc":{"start":{"line":23,"column":42},"end":{"line":38,"column":1}},"line":23},"3":{"name":"(anonymous_3)","decl":{"start":{"line":40,"column":19},"end":{"line":40,"column":20}},"loc":{"start":{"line":40,"column":47},"end":{"line":48,"column":1}},"line":40},"4":{"name":"(anonymous_4)","decl":{"start":{"line":50,"column":19},"end":{"line":50,"column":20}},"loc":{"start":{"line":50,"column":37},"end":{"line":67,"column":1}},"line":50},"5":{"name":"(anonymous_5)","decl":{"start":{"line":69,"column":33},"end":{"line":69,"column":34}},"loc":{"start":{"line":69,"column":51},"end":{"line":87,"column":1}},"line":69},"6":{"name":"(anonymous_6)","decl":{"start":{"line":89,"column":24},"end":{"line":89,"column":25}},"loc":{"start":{"line":89,"column":42},"end":{"line":96,"column":1}},"line":89},"7":{"name":"(anonymous_7)","decl":{"start":{"line":98,"column":33},"end":{"line":98,"column":34}},"loc":{"start":{"line":98,"column":53},"end":{"line":114,"column":1}},"line":98}},"branchMap":{"0":{"loc":{"start":{"line":7,"column":2},"end":{"line":9,"column":3}},"type":"if","locations":[{"start":{"line":7,"column":2},"end":{"line":9,"column":3}},{"start":{},"end":{}}],"line":7},"1":{"loc":{"start":{"line":7,"column":6},"end":{"line":7,"column":40}},"type":"binary-expr","locations":[{"start":{"line":7,"column":6},"end":{"line":7,"column":15}},{"start":{"line":7,"column":19},"end":{"line":7,"column":40}}],"line":7},"2":{"loc":{"start":{"line":16,"column":2},"end":{"line":18,"column":3}},"type":"if","locations":[{"start":{"line":16,"column":2},"end":{"line":18,"column":3}},{"start":{},"end":{}}],"line":16},"3":{"loc":{"start":{"line":28,"column":2},"end":{"line":33,"column":3}},"type":"if","locations":[{"start":{"line":28,"column":2},"end":{"line":33,"column":3}},{"start":{},"end":{}}],"line":28},"4":{"loc":{"start":{"line":42,"column":2},"end":{"line":44,"column":3}},"type":"if","locations":[{"start":{"line":42,"column":2},"end":{"line":44,"column":3}},{"start":{},"end":{}}],"line":42},"5":{"loc":{"start":{"line":53,"column":2},"end":{"line":55,"column":3}},"type":"if","locations":[{"start":{"line":53,"column":2},"end":{"line":55,"column":3}},{"start":{},"end":{}}],"line":53},"6":{"loc":{"start":{"line":58,"column":2},"end":{"line":63,"column":3}},"type":"if","locations":[{"start":{"line":58,"column":2},"end":{"line":63,"column":3}},{"start":{},"end":{}}],"line":58},"7":{"loc":{"start":{"line":72,"column":2},"end":{"line":74,"column":3}},"type":"if","locations":[{"start":{"line":72,"column":2},"end":{"line":74,"column":3}},{"start":{},"end":{}}],"line":72},"8":{"loc":{"start":{"line":76,"column":2},"end":{"line":86,"column":3}},"type":"if","locations":[{"start":{"line":76,"column":2},"end":{"line":86,"column":3}},{"start":{"line":78,"column":9},"end":{"line":86,"column":3}}],"line":76},"9":{"loc":{"start":{"line":91,"column":2},"end":{"line":93,"column":3}},"type":"if","locations":[{"start":{"line":91,"column":2},"end":{"line":93,"column":3}},{"start":{},"end":{}}],"line":91},"10":{"loc":{"start":{"line":103,"column":2},"end":{"line":108,"column":3}},"type":"if","locations":[{"start":{"line":103,"column":2},"end":{"line":108,"column":3}},{"start":{},"end":{}}],"line":103}},"s":{"0":1,"1":1,"2":1,"3":1,"4":2,"5":2,"6":0,"7":2,"8":1,"9":2,"10":2,"11":1,"12":1,"13":1,"14":2,"15":2,"16":1,"17":1,"18":1,"19":1,"20":1,"21":1,"22":2,"23":2,"24":1,"25":1,"26":1,"27":1,"28":2,"29":2,"30":1,"31":1,"32":1,"33":0,"34":1,"35":1,"36":1,"37":3,"38":3,"39":1,"40":2,"41":1,"42":1,"43":1,"44":1,"45":1,"46":2,"47":2,"48":1,"49":1,"50":1,"51":1,"52":3,"53":3,"54":1,"55":2,"56":2,"57":2,"58":2,"59":2,"60":1},"f":{"0":2,"1":2,"2":2,"3":2,"4":2,"5":3,"6":2,"7":3},"b":{"0":[0,2],"1":[2,2],"2":[1,1],"3":[1,1],"4":[1,1],"5":[1,1],"6":[0,1],"7":[1,2],"8":[1,1],"9":[1,1],"10":[1,2]},"_coverageSchema":"1a1c01bbd47fc00a2c39e90264f33305004495a9","hash":"71015d23f4eeca807dc320f3b7b90931e8180244"}
,"/home/javier/softwareBuilders/express/javier_gomez_proyecto_final/src/validators/studentValidator.js": {"path":"/home/javier/softwareBuilders/express/javier_gomez_proyecto_final/src/validators/studentValidator.js","statementMap":{"0":{"start":{"line":1,"column":18},"end":{"line":1,"column":46}},"1":{"start":{"line":2,"column":27},"end":{"line":2,"column":65}},"2":{"start":{"line":4,"column":31},"end":{"line":13,"column":1}},"3":{"start":{"line":11,"column":4},"end":{"line":11,"column":35}},"4":{"start":{"line":15,"column":0},"end":{"line":17,"column":2}}},"fnMap":{"0":{"name":"(anonymous_0)","decl":{"start":{"line":10,"column":2},"end":{"line":10,"column":3}},"loc":{"start":{"line":10,"column":22},"end":{"line":12,"column":3}},"line":10}},"branchMap":{},"s":{"0":1,"1":1,"2":1,"3":7,"4":1},"f":{"0":7},"b":{},"_coverageSchema":"1a1c01bbd47fc00a2c39e90264f33305004495a9","hash":"cc5263966f32a81a037ad60bbbe7afd29d58fa47"}
,"/home/javier/softwareBuilders/express/javier_gomez_proyecto_final/src/validators/teacherValidator.js": {"path":"/home/javier/softwareBuilders/express/javier_gomez_proyecto_final/src/validators/teacherValidator.js","statementMap":{"0":{"start":{"line":1,"column":18},"end":{"line":1,"column":46}},"1":{"start":{"line":2,"column":27},"end":{"line":2,"column":65}},"2":{"start":{"line":4,"column":31},"end":{"line":13,"column":1}},"3":{"start":{"line":11,"column":4},"end":{"line":11,"column":35}},"4":{"start":{"line":15,"column":0},"end":{"line":17,"column":2}}},"fnMap":{"0":{"name":"(anonymous_0)","decl":{"start":{"line":10,"column":2},"end":{"line":10,"column":3}},"loc":{"start":{"line":10,"column":22},"end":{"line":12,"column":3}},"line":10}},"branchMap":{},"s":{"0":1,"1":1,"2":1,"3":8,"4":1},"f":{"0":8},"b":{},"_coverageSchema":"1a1c01bbd47fc00a2c39e90264f33305004495a9","hash":"ff4d88dcd6cb0c22ecde5b9142cecb18947250fe"}
,"/home/javier/softwareBuilders/express/javier_gomez_proyecto_final/src/validators/userValidator.js": {"path":"/home/javier/softwareBuilders/express/javier_gomez_proyecto_final/src/validators/userValidator.js","statementMap":{"0":{"start":{"line":1,"column":18},"end":{"line":1,"column":46}},"1":{"start":{"line":2,"column":27},"end":{"line":2,"column":65}},"2":{"start":{"line":4,"column":28},"end":{"line":10,"column":1}},"3":{"start":{"line":8,"column":4},"end":{"line":8,"column":35}},"4":{"start":{"line":12,"column":27},"end":{"line":17,"column":1}},"5":{"start":{"line":15,"column":4},"end":{"line":15,"column":35}},"6":{"start":{"line":19,"column":0},"end":{"line":22,"column":2}}},"fnMap":{"0":{"name":"(anonymous_0)","decl":{"start":{"line":7,"column":2},"end":{"line":7,"column":3}},"loc":{"start":{"line":7,"column":22},"end":{"line":9,"column":3}},"line":7},"1":{"name":"(anonymous_1)","decl":{"start":{"line":14,"column":2},"end":{"line":14,"column":3}},"loc":{"start":{"line":14,"column":22},"end":{"line":16,"column":3}},"line":14}},"branchMap":{},"s":{"0":1,"1":1,"2":1,"3":6,"4":1,"5":3,"6":1},"f":{"0":6,"1":3},"b":{},"_coverageSchema":"1a1c01bbd47fc00a2c39e90264f33305004495a9","hash":"b84445ebab9377d34cb6bb52ff009caa598cf970"}
}
