TN:
SF:src/index.js
FNF:0
FNH:0
DA:1,1
DA:2,1
DA:3,1
DA:4,1
DA:5,1
DA:6,1
DA:9,1
DA:10,1
DA:11,1
DA:12,1
DA:13,1
DA:17,1
DA:21,1
DA:23,1
DA:24,1
DA:25,1
DA:27,1
DA:28,1
DA:29,1
DA:30,1
DA:38,1
DA:39,1
DA:40,1
DA:41,1
DA:42,1
DA:43,1
DA:45,1
LF:27
LH:27
BRF:0
BRH:0
end_of_record
TN:
SF:src/authentication/pswEncryption.js
FN:4,(anonymous_0)
FN:14,(anonymous_1)
FNF:2
FNH:2
FNDA:5,(anonymous_0)
FNDA:16,(anonymous_1)
DA:1,1
DA:4,1
DA:5,5
DA:6,5
DA:8,5
DA:10,0
DA:14,1
DA:15,16
DA:16,16
DA:18,16
DA:20,0
DA:24,1
LF:12
LH:10
BRDA:10,0,0,0
BRDA:10,0,1,0
BRDA:10,1,0,0
BRDA:10,1,1,0
BRDA:20,2,0,0
BRDA:20,2,1,0
BRDA:20,3,0,0
BRDA:20,3,1,0
BRF:8
BRH:0
end_of_record
TN:
SF:src/controllers/loginController.js
FN:6,(anonymous_0)
FN:14,(anonymous_1)
FN:43,(anonymous_2)
FN:52,(anonymous_3)
FN:71,(anonymous_4)
FN:96,(anonymous_5)
FNF:6
FNH:5
FNDA:1,(anonymous_0)
FNDA:15,(anonymous_1)
FNDA:2,(anonymous_2)
FNDA:2,(anonymous_3)
FNDA:3,(anonymous_4)
FNDA:0,(anonymous_5)
DA:1,1
DA:2,1
DA:3,1
DA:4,1
DA:6,1
DA:7,1
DA:8,1
DA:10,0
DA:14,1
DA:15,15
DA:20,15
DA:21,15
DA:22,11
DA:29,11
DA:31,11
DA:33,11
DA:38,4
DA:39,4
DA:43,1
DA:44,2
DA:45,2
DA:46,2
DA:48,0
DA:52,1
DA:53,2
DA:54,2
DA:59,2
DA:60,2
DA:61,1
DA:63,1
DA:65,1
DA:67,1
DA:71,1
DA:72,3
DA:73,3
DA:78,3
DA:80,2
DA:88,2
DA:90,1
DA:92,2
DA:96,1
DA:97,0
DA:100,1
LF:43
LH:40
BRDA:10,0,0,0
BRDA:10,0,1,0
BRDA:10,1,0,0
BRDA:10,1,1,0
BRDA:38,2,0,4
BRDA:38,2,1,0
BRDA:39,3,0,4
BRDA:39,3,1,0
BRDA:48,4,0,0
BRDA:48,4,1,0
BRDA:48,5,0,0
BRDA:48,5,1,0
BRDA:67,6,0,1
BRDA:67,6,1,0
BRDA:67,7,0,1
BRDA:67,7,1,0
BRDA:92,8,0,2
BRDA:92,8,1,0
BRDA:92,9,0,2
BRDA:92,9,1,0
BRF:20
BRH:6
end_of_record
TN:
SF:src/controllers/studentController.js
FN:3,(anonymous_0)
FN:14,(anonymous_1)
FN:27,(anonymous_2)
FN:46,(anonymous_3)
FN:70,(anonymous_4)
FNF:5
FNH:5
FNDA:1,(anonymous_0)
FNDA:2,(anonymous_1)
FNDA:3,(anonymous_2)
FNDA:2,(anonymous_3)
FNDA:2,(anonymous_4)
DA:1,1
DA:3,1
DA:4,1
DA:5,1
DA:6,1
DA:10,0
DA:14,1
DA:15,2
DA:17,2
DA:18,2
DA:19,1
DA:23,1
DA:27,1
DA:28,3
DA:36,3
DA:37,3
DA:38,1
DA:42,2
DA:46,1
DA:47,2
DA:48,2
DA:56,2
DA:57,2
DA:61,1
DA:66,1
DA:70,1
DA:71,2
DA:73,2
DA:74,2
DA:75,1
DA:77,1
DA:81,1
LF:32
LH:31
BRDA:10,0,0,0
BRDA:10,0,1,0
BRDA:10,1,0,0
BRDA:10,1,1,0
BRDA:23,2,0,1
BRDA:23,2,1,0
BRDA:23,3,0,1
BRDA:23,3,1,0
BRDA:42,4,0,2
BRDA:42,4,1,0
BRDA:42,5,0,2
BRDA:42,5,1,0
BRDA:66,6,0,1
BRDA:66,6,1,0
BRDA:66,7,0,1
BRDA:66,7,1,0
BRDA:77,8,0,1
BRDA:77,8,1,0
BRDA:77,9,0,1
BRDA:77,9,1,0
BRF:20
BRH:8
end_of_record
TN:
SF:src/controllers/teacherController.js
FN:3,(anonymous_0)
FN:15,(anonymous_1)
FN:29,(anonymous_2)
FN:49,(anonymous_3)
FN:73,(anonymous_4)
FN:84,(anonymous_5)
FNF:6
FNH:6
FNDA:1,(anonymous_0)
FNDA:2,(anonymous_1)
FNDA:4,(anonymous_2)
FNDA:2,(anonymous_3)
FNDA:2,(anonymous_4)
FNDA:2,(anonymous_5)
DA:1,1
DA:3,1
DA:4,1
DA:5,1
DA:7,1
DA:11,0
DA:15,1
DA:16,2
DA:18,2
DA:19,2
DA:21,1
DA:25,1
DA:29,1
DA:30,4
DA:38,4
DA:39,4
DA:41,1
DA:45,3
DA:49,1
DA:50,2
DA:51,2
DA:59,2
DA:60,2
DA:64,1
DA:69,1
DA:73,1
DA:74,2
DA:76,2
DA:77,2
DA:78,1
DA:80,1
DA:84,1
DA:85,2
DA:87,2
DA:89,2
DA:90,1
DA:95,1
DA:99,1
LF:38
LH:37
BRDA:11,0,0,0
BRDA:11,0,1,0
BRDA:11,1,0,0
BRDA:11,1,1,0
BRDA:25,2,0,1
BRDA:25,2,1,0
BRDA:25,3,0,1
BRDA:25,3,1,0
BRDA:45,4,0,3
BRDA:45,4,1,0
BRDA:45,5,0,3
BRDA:45,5,1,0
BRDA:69,6,0,1
BRDA:69,6,1,0
BRDA:69,7,0,1
BRDA:69,7,1,0
BRDA:80,8,0,1
BRDA:80,8,1,0
BRDA:80,9,0,1
BRDA:80,9,1,0
BRDA:95,10,0,1
BRDA:95,10,1,0
BRDA:95,11,0,1
BRDA:95,11,1,0
BRF:24
BRH:10
end_of_record
TN:
SF:src/controllers/userController.js
FN:4,(anonymous_0)
FN:14,(anonymous_1)
FN:24,(anonymous_2)
FN:40,(anonymous_3)
FN:59,(anonymous_4)
FN:70,(anonymous_5)
FN:81,(anonymous_6)
FN:92,(anonymous_7)
FN:101,(anonymous_8)
FNF:9
FNH:9
FNDA:1,(anonymous_0)
FNDA:2,(anonymous_1)
FNDA:2,(anonymous_2)
FNDA:2,(anonymous_3)
FNDA:2,(anonymous_4)
FNDA:3,(anonymous_5)
FNDA:2,(anonymous_6)
FNDA:1,(anonymous_7)
FNDA:1,(anonymous_8)
DA:1,1
DA:2,1
DA:4,1
DA:5,1
DA:6,1
DA:8,1
DA:10,0
DA:14,1
DA:15,2
DA:16,2
DA:17,2
DA:18,1
DA:20,1
DA:24,1
DA:25,2
DA:30,2
DA:31,2
DA:32,1
DA:36,1
DA:40,1
DA:41,2
DA:42,2
DA:43,2
DA:49,2
DA:50,2
DA:51,1
DA:55,1
DA:59,1
DA:60,2
DA:62,2
DA:63,2
DA:64,1
DA:66,1
DA:70,1
DA:71,3
DA:73,3
DA:74,3
DA:75,2
DA:77,1
DA:81,1
DA:82,2
DA:84,2
DA:85,2
DA:86,1
DA:88,1
DA:92,1
DA:93,1
DA:94,1
DA:95,1
DA:97,0
DA:101,1
DA:102,1
DA:103,1
DA:104,1
DA:106,1
DA:108,0
DA:112,1
LF:57
LH:54
BRDA:10,0,0,0
BRDA:10,0,1,0
BRDA:10,1,0,0
BRDA:10,1,1,0
BRDA:20,2,0,1
BRDA:20,2,1,0
BRDA:20,3,0,1
BRDA:20,3,1,0
BRDA:36,4,0,1
BRDA:36,4,1,0
BRDA:36,5,0,1
BRDA:36,5,1,0
BRDA:55,6,0,1
BRDA:55,6,1,0
BRDA:55,7,0,1
BRDA:55,7,1,0
BRDA:66,8,0,1
BRDA:66,8,1,0
BRDA:66,9,0,1
BRDA:66,9,1,0
BRDA:77,10,0,1
BRDA:77,10,1,0
BRDA:77,11,0,1
BRDA:77,11,1,0
BRDA:88,12,0,1
BRDA:88,12,1,0
BRDA:88,13,0,1
BRDA:88,13,1,0
BRDA:97,14,0,0
BRDA:97,14,1,0
BRDA:97,15,0,0
BRDA:97,15,1,0
BRDA:108,16,0,0
BRDA:108,16,1,0
BRDA:108,17,0,0
BRDA:108,17,1,0
BRF:36
BRH:12
end_of_record
TN:
SF:src/db/models/index.js
FN:21,(anonymous_0)
FN:24,(anonymous_1)
FN:29,(anonymous_2)
FNF:3
FNH:3
FNDA:4,(anonymous_0)
FNDA:3,(anonymous_1)
FNDA:3,(anonymous_2)
DA:3,1
DA:4,1
DA:5,1
DA:6,1
DA:7,1
DA:8,1
DA:9,1
DA:10,1
DA:13,1
DA:14,0
DA:16,1
DA:19,1
DA:22,4
DA:25,3
DA:26,3
DA:29,1
DA:30,3
DA:31,3
DA:35,1
DA:36,1
DA:38,1
LF:21
LH:20
BRDA:8,0,0,1
BRDA:8,0,1,0
BRDA:13,1,0,0
BRDA:13,1,1,1
BRDA:22,2,0,4
BRDA:22,2,1,4
BRDA:22,2,2,3
BRDA:30,3,0,3
BRDA:30,3,1,0
BRF:9
BRH:6
end_of_record
TN:
SF:src/db/models/students.js
FN:5,(anonymous_0)
FN:12,(anonymous_1)
FNF:2
FNH:2
FNDA:1,(anonymous_0)
FNDA:1,(anonymous_1)
DA:4,1
DA:5,1
DA:16,1
DA:26,1
LF:4
LH:4
BRF:0
BRH:0
end_of_record
TN:
SF:src/db/models/teachers.js
FN:5,(anonymous_0)
FN:12,(anonymous_1)
FNF:2
FNH:2
FNDA:1,(anonymous_0)
FNDA:1,(anonymous_1)
DA:4,1
DA:5,1
DA:16,1
DA:26,1
LF:4
LH:4
BRF:0
BRH:0
end_of_record
TN:
SF:src/db/models/users.js
FN:5,(anonymous_0)
FN:12,(anonymous_1)
FNF:2
FNH:2
FNDA:1,(anonymous_0)
FNDA:1,(anonymous_1)
DA:4,1
DA:5,1
DA:16,1
DA:25,1
LF:4
LH:4
BRF:0
BRH:0
end_of_record
TN:
SF:src/helpers/validationHelper.js
FN:3,(anonymous_0)
FNF:1
FNH:1
FNDA:24,(anonymous_0)
DA:1,1
DA:3,1
DA:4,24
DA:5,24
DA:6,18
DA:8,6
DA:12,1
LF:7
LH:7
BRF:0
BRH:0
end_of_record
TN:
SF:src/middlewares/authMiddleware.js
FN:9,(anonymous_0)
FN:33,(anonymous_1)
FNF:2
FNH:2
FNDA:61,(anonymous_0)
FNDA:4,(anonymous_1)
DA:1,1
DA:2,1
DA:3,1
DA:7,1
DA:9,1
DA:10,61
DA:12,0
DA:14,61
DA:15,46
DA:16,46
DA:19,46
DA:20,46
DA:22,1
DA:25,45
DA:26,45
DA:30,15
DA:33,1
DA:34,4
DA:36,0
DA:38,4
DA:39,3
DA:40,3
DA:43,3
DA:44,3
DA:46,1
DA:49,2
DA:51,2
DA:54,1
DA:57,1
LF:29
LH:27
BRDA:10,0,0,0
BRDA:10,0,1,61
BRDA:14,1,0,46
BRDA:14,1,1,15
BRDA:34,2,0,0
BRDA:34,2,1,4
BRDA:38,3,0,3
BRDA:38,3,1,1
BRF:8
BRH:6
end_of_record
TN:
SF:src/middlewares/checkIfIsAdmin.js
FN:1,(anonymous_0)
FN:16,(anonymous_1)
FNF:2
FNH:2
FNDA:2,(anonymous_0)
FNDA:2,(anonymous_1)
DA:1,1
DA:3,2
DA:4,0
DA:5,2
DA:6,2
DA:9,2
DA:10,1
DA:12,1
DA:16,1
DA:18,2
DA:19,0
DA:20,2
DA:21,2
DA:23,2
DA:25,2
DA:26,1
DA:28,1
DA:33,1
LF:18
LH:16
BRDA:3,0,0,0
BRDA:3,0,1,2
BRDA:5,1,0,2
BRDA:5,1,1,0
BRDA:9,2,0,1
BRDA:9,2,1,1
BRDA:9,3,0,2
BRDA:9,3,1,2
BRDA:18,4,0,0
BRDA:18,4,1,2
BRDA:20,5,0,2
BRDA:20,5,1,0
BRDA:25,6,0,1
BRDA:25,6,1,1
BRDA:25,7,0,2
BRDA:25,7,1,2
BRF:16
BRH:12
end_of_record
TN:
SF:src/repositories/studentRepository.js
FN:3,(anonymous_0)
FN:13,(anonymous_1)
FN:26,(anonymous_2)
FN:38,(anonymous_3)
FN:50,(anonymous_4)
FN:59,(anonymous_5)
FN:73,(anonymous_6)
FN:88,(anonymous_7)
FNF:8
FNH:8
FNDA:1,(anonymous_0)
FNDA:6,(anonymous_1)
FNDA:1,(anonymous_2)
FNDA:1,(anonymous_3)
FNDA:1,(anonymous_4)
FNDA:1,(anonymous_5)
FNDA:2,(anonymous_6)
FNDA:3,(anonymous_7)
DA:1,1
DA:3,1
DA:4,1
DA:5,1
DA:7,1
DA:9,0
DA:13,1
DA:14,6
DA:15,6
DA:17,6
DA:19,0
DA:26,1
DA:27,1
DA:28,1
DA:29,1
DA:31,0
DA:38,1
DA:39,1
DA:40,1
DA:41,1
DA:44,1
DA:46,0
DA:50,1
DA:51,1
DA:52,1
DA:53,1
DA:55,0
DA:59,1
DA:60,1
DA:61,1
DA:64,1
DA:66,0
DA:73,1
DA:74,2
DA:75,2
DA:79,2
DA:81,0
DA:88,1
DA:89,3
DA:90,3
DA:93,3
DA:95,0
DA:102,1
LF:43
LH:35
BRF:0
BRH:0
end_of_record
TN:
SF:src/repositories/teacherRepository.js
FN:3,(anonymous_0)
FN:17,(anonymous_1)
FN:31,(anonymous_2)
FN:45,(anonymous_3)
FN:58,(anonymous_4)
FN:72,(anonymous_5)
FN:88,(anonymous_6)
FNF:7
FNH:7
FNDA:1,(anonymous_0)
FNDA:11,(anonymous_1)
FNDA:2,(anonymous_2)
FNDA:1,(anonymous_3)
FNDA:1,(anonymous_4)
FNDA:4,(anonymous_5)
FNDA:6,(anonymous_6)
DA:1,1
DA:3,1
DA:4,1
DA:5,1
DA:7,1
DA:9,0
DA:10,0
DA:17,1
DA:18,11
DA:19,11
DA:21,11
DA:23,0
DA:24,0
DA:31,1
DA:32,2
DA:33,2
DA:35,2
DA:37,0
DA:38,0
DA:45,1
DA:46,1
DA:47,1
DA:48,1
DA:50,0
DA:51,0
DA:58,1
DA:59,1
DA:60,1
DA:62,1
DA:64,0
DA:65,0
DA:72,1
DA:73,4
DA:74,4
DA:77,4
DA:79,0
DA:80,0
DA:88,1
DA:89,6
DA:90,6
DA:93,6
DA:95,0
DA:96,0
DA:103,1
LF:44
LH:30
BRF:0
BRH:0
end_of_record
TN:
SF:src/repositories/userRepository.js
FN:3,(anonymous_0)
FN:17,(anonymous_1)
FN:31,(anonymous_2)
FN:48,(anonymous_3)
FN:61,(anonymous_4)
FN:75,(anonymous_5)
FNF:6
FNH:6
FNDA:2,(anonymous_0)
FNDA:15,(anonymous_1)
FNDA:22,(anonymous_2)
FNDA:3,(anonymous_3)
FNDA:2,(anonymous_4)
FNDA:2,(anonymous_5)
DA:1,1
DA:3,1
DA:4,2
DA:5,2
DA:7,2
DA:9,0
DA:10,0
DA:17,1
DA:18,15
DA:19,15
DA:21,15
DA:23,0
DA:24,0
DA:31,1
DA:32,22
DA:34,22
DA:38,22
DA:40,0
DA:41,0
DA:48,1
DA:49,3
DA:50,3
DA:51,3
DA:53,0
DA:54,0
DA:61,1
DA:62,2
DA:63,2
DA:64,2
DA:65,2
DA:67,0
DA:68,0
DA:75,1
DA:76,2
DA:77,2
DA:78,2
DA:80,0
DA:87,1
LF:38
LH:27
BRF:0
BRH:0
end_of_record
TN:
SF:src/routes/adminRoutes.js
FNF:0
FNH:0
DA:1,1
DA:2,1
DA:3,1
DA:5,1
DA:6,1
DA:8,1
LF:6
LH:6
BRF:0
BRH:0
end_of_record
TN:
SF:src/routes/loginRoutes.js
FNF:0
FNH:0
DA:1,1
DA:2,1
DA:3,1
DA:4,1
DA:6,1
DA:7,1
DA:8,1
DA:9,1
DA:10,1
DA:11,1
DA:12,1
LF:11
LH:11
BRF:0
BRH:0
end_of_record
TN:
SF:src/routes/studentRoutes.js
FNF:0
FNH:0
DA:1,1
DA:2,1
DA:3,1
DA:4,1
DA:6,1
DA:7,1
DA:8,1
DA:9,1
DA:10,1
DA:12,1
LF:10
LH:10
BRF:0
BRH:0
end_of_record
TN:
SF:src/routes/teacherRoutes.js
FNF:0
FNH:0
DA:1,1
DA:2,1
DA:3,1
DA:4,1
DA:6,1
DA:7,1
DA:8,1
DA:9,1
DA:10,1
DA:11,1
DA:13,1
LF:11
LH:11
BRF:0
BRH:0
end_of_record
TN:
SF:src/routes/userRoutes.js
FNF:0
FNH:0
DA:1,1
DA:2,1
DA:3,1
DA:4,1
DA:6,1
DA:7,1
DA:8,1
DA:9,1
DA:10,1
DA:11,1
DA:12,1
DA:15,1
LF:12
LH:12
BRF:0
BRH:0
end_of_record
TN:
SF:src/services/authorizationService.js
FN:10,(anonymous_0)
FN:15,(anonymous_1)
FN:20,(anonymous_2)
FN:27,(anonymous_3)
FNF:4
FNH:4
FNDA:11,(anonymous_0)
FNDA:1,(anonymous_1)
FNDA:11,(anonymous_2)
FNDA:2,(anonymous_3)
DA:2,1
DA:3,1
DA:4,1
DA:8,1
DA:10,1
DA:11,11
DA:12,11
DA:15,1
DA:16,1
DA:17,1
DA:20,1
DA:21,11
DA:22,11
DA:23,11
DA:24,11
DA:27,1
DA:28,2
DA:29,2
DA:30,2
DA:31,2
DA:34,1
LF:21
LH:21
BRF:0
BRH:0
end_of_record
TN:
SF:src/services/loginService.js
FN:5,(anonymous_0)
FNF:1
FNH:1
FNDA:17,(anonymous_0)
DA:1,1
DA:2,1
DA:5,1
DA:7,17
DA:9,17
DA:10,3
DA:13,14
DA:15,14
DA:16,2
DA:18,12
DA:23,1
LF:11
LH:11
BRDA:9,0,0,3
BRDA:9,0,1,14
BRDA:15,1,0,2
BRDA:15,1,1,12
BRF:4
BRH:4
end_of_record
TN:
SF:src/services/studentService.js
FN:4,(anonymous_0)
FN:14,(anonymous_1)
FN:24,(anonymous_2)
FN:49,(anonymous_3)
FN:67,(anonymous_4)
FNF:5
FNH:5
FNDA:1,(anonymous_0)
FNDA:2,(anonymous_1)
FNDA:3,(anonymous_2)
FNDA:2,(anonymous_3)
FNDA:2,(anonymous_4)
DA:1,1
DA:2,1
DA:4,1
DA:5,1
DA:7,1
DA:8,0
DA:11,1
DA:14,1
DA:15,2
DA:17,2
DA:18,1
DA:21,1
DA:24,1
DA:25,3
DA:27,3
DA:28,1
DA:34,2
DA:38,2
DA:39,1
DA:45,1
DA:46,1
DA:49,1
DA:50,2
DA:52,2
DA:53,1
DA:56,1
DA:57,0
DA:60,1
DA:64,1
DA:67,1
DA:68,2
DA:70,2
DA:71,1
DA:74,1
DA:75,1
DA:78,1
LF:36
LH:34
BRDA:7,0,0,0
BRDA:7,0,1,1
BRDA:7,1,0,1
BRDA:7,1,1,1
BRDA:17,2,0,1
BRDA:17,2,1,1
BRDA:27,3,0,1
BRDA:27,3,1,2
BRDA:38,4,0,1
BRDA:38,4,1,1
BRDA:52,5,0,1
BRDA:52,5,1,1
BRDA:56,6,0,0
BRDA:56,6,1,1
BRDA:70,7,0,1
BRDA:70,7,1,1
BRF:16
BRH:14
end_of_record
TN:
SF:src/services/teacherService.js
FN:5,(anonymous_0)
FN:13,(anonymous_1)
FN:23,(anonymous_2)
FN:56,(anonymous_3)
FN:71,(anonymous_4)
FN:91,(anonymous_5)
FN:121,(anonymous_6)
FN:131,(anonymous_7)
FN:138,(anonymous_8)
FNF:9
FNH:9
FNDA:1,(anonymous_0)
FNDA:2,(anonymous_1)
FNDA:4,(anonymous_2)
FNDA:2,(anonymous_3)
FNDA:2,(anonymous_4)
FNDA:2,(anonymous_5)
FNDA:1,(anonymous_6)
FNDA:4,(anonymous_7)
FNDA:2,(anonymous_8)
DA:1,1
DA:2,1
DA:3,1
DA:5,1
DA:6,1
DA:7,1
DA:8,0
DA:10,1
DA:13,1
DA:14,2
DA:16,2
DA:17,1
DA:20,1
DA:23,1
DA:24,4
DA:28,4
DA:29,1
DA:35,3
DA:37,3
DA:38,1
DA:42,2
DA:44,2
DA:45,1
DA:51,1
DA:53,1
DA:56,1
DA:57,2
DA:59,2
DA:60,1
DA:63,1
DA:64,0
DA:66,1
DA:67,1
DA:68,1
DA:71,1
DA:72,2
DA:74,2
DA:75,1
DA:78,1
DA:80,1
DA:81,0
DA:87,1
DA:88,1
DA:91,1
DA:92,2
DA:94,2
DA:95,1
DA:98,1
DA:102,1
DA:103,0
DA:104,1
DA:105,0
DA:109,1
DA:111,1
DA:112,0
DA:118,1
DA:121,1
DA:122,1
DA:124,1
DA:125,0
DA:127,1
DA:129,1
DA:131,4
DA:133,1
DA:135,1
DA:138,1
DA:139,2
DA:143,2
DA:144,1
DA:145,1
DA:146,1
DA:168,1
DA:170,1
DA:173,1
LF:74
LH:67
BRDA:7,0,0,0
BRDA:7,0,1,1
BRDA:7,1,0,1
BRDA:7,1,1,1
BRDA:16,2,0,1
BRDA:16,2,1,1
BRDA:28,3,0,1
BRDA:28,3,1,3
BRDA:37,4,0,1
BRDA:37,4,1,2
BRDA:44,5,0,1
BRDA:44,5,1,1
BRDA:59,6,0,1
BRDA:59,6,1,1
BRDA:63,7,0,0
BRDA:63,7,1,1
BRDA:74,8,0,1
BRDA:74,8,1,1
BRDA:80,9,0,0
BRDA:80,9,1,1
BRDA:94,10,0,1
BRDA:94,10,1,1
BRDA:102,11,0,0
BRDA:102,11,1,1
BRDA:104,12,0,0
BRDA:104,12,1,1
BRDA:111,13,0,0
BRDA:111,13,1,1
BRDA:111,14,0,1
BRDA:111,14,1,1
BRDA:124,15,0,0
BRDA:124,15,1,1
BRDA:143,16,0,1
BRDA:143,16,1,1
BRF:34
BRH:27
end_of_record
TN:
SF:src/services/userService.js
FN:5,(anonymous_0)
FN:13,(anonymous_1)
FN:23,(anonymous_2)
FN:40,(anonymous_3)
FN:50,(anonymous_4)
FN:69,(anonymous_5)
FN:89,(anonymous_6)
FN:98,(anonymous_7)
FNF:8
FNH:8
FNDA:2,(anonymous_0)
FNDA:2,(anonymous_1)
FNDA:2,(anonymous_2)
FNDA:2,(anonymous_3)
FNDA:2,(anonymous_4)
FNDA:3,(anonymous_5)
FNDA:2,(anonymous_6)
FNDA:3,(anonymous_7)
DA:1,1
DA:2,1
DA:3,1
DA:5,1
DA:6,2
DA:7,2
DA:8,0
DA:10,2
DA:13,1
DA:14,2
DA:16,2
DA:17,1
DA:20,1
DA:23,1
DA:24,2
DA:28,2
DA:29,1
DA:34,1
DA:35,1
DA:36,1
DA:37,1
DA:40,1
DA:41,2
DA:42,2
DA:43,1
DA:46,1
DA:47,1
DA:50,1
DA:51,2
DA:53,2
DA:54,1
DA:57,1
DA:58,1
DA:59,0
DA:65,1
DA:66,1
DA:69,1
DA:70,3
DA:72,3
DA:73,1
DA:76,2
DA:77,1
DA:79,1
DA:84,1
DA:85,1
DA:89,1
DA:90,2
DA:91,2
DA:92,1
DA:94,1
DA:95,1
DA:98,1
DA:99,3
DA:103,3
DA:104,1
DA:109,2
DA:110,2
DA:111,2
DA:112,2
DA:113,2
DA:118,1
LF:61
LH:59
BRDA:7,0,0,0
BRDA:7,0,1,2
BRDA:7,1,0,2
BRDA:7,1,1,2
BRDA:16,2,0,1
BRDA:16,2,1,1
BRDA:28,3,0,1
BRDA:28,3,1,1
BRDA:42,4,0,1
BRDA:42,4,1,1
BRDA:53,5,0,1
BRDA:53,5,1,1
BRDA:58,6,0,0
BRDA:58,6,1,1
BRDA:72,7,0,1
BRDA:72,7,1,2
BRDA:76,8,0,1
BRDA:76,8,1,1
BRDA:91,9,0,1
BRDA:91,9,1,1
BRDA:103,10,0,1
BRDA:103,10,1,2
BRF:22
BRH:20
end_of_record
TN:
SF:src/validators/studentValidator.js
FN:10,(anonymous_0)
FNF:1
FNH:1
FNDA:7,(anonymous_0)
DA:1,1
DA:2,1
DA:4,1
DA:11,7
DA:15,1
LF:5
LH:5
BRF:0
BRH:0
end_of_record
TN:
SF:src/validators/teacherValidator.js
FN:10,(anonymous_0)
FNF:1
FNH:1
FNDA:8,(anonymous_0)
DA:1,1
DA:2,1
DA:4,1
DA:11,8
DA:15,1
LF:5
LH:5
BRF:0
BRH:0
end_of_record
TN:
SF:src/validators/userValidator.js
FN:7,(anonymous_0)
FN:14,(anonymous_1)
FNF:2
FNH:2
FNDA:6,(anonymous_0)
FNDA:3,(anonymous_1)
DA:1,1
DA:2,1
DA:4,1
DA:8,6
DA:12,1
DA:15,3
DA:19,1
LF:7
LH:7
BRF:0
BRH:0
end_of_record
